<?xml version="1.0" encoding="UTF-8"?>
<robot generator="Robot 3.1.2 (Python 3.7.4 on win32)" generated="20200407 14:41:48.811" rpa="false">
<suite id="s1" name="Inqueritocivil" source="C:\UNJ\sajmp-oraculo-frontend\acceptance-tests\GUI\tests\inqueritocivil">
<suite id="s1-s1" name="Story-228600" source="C:\UNJ\sajmp-oraculo-frontend\acceptance-tests\GUI\tests\inqueritocivil\Story-228600">
<suite id="s1-s1-s1" name="TestSuiteInqueritoCivilFiltrarNP" source="C:\UNJ\sajmp-oraculo-frontend\acceptance-tests\GUI\tests\inqueritocivil\Story-228600\TestSuiteInqueritoCivilFiltrarNP.robot">
<kw name="Run Keywords" library="BuiltIn" type="setup">
<doc>Executes all the given keywords in a sequence.</doc>
<arguments>
<arg>Abrir navegador</arg>
<arg>AND</arg>
<arg>Conectar base ${BANCO}</arg>
<arg>AND</arg>
<arg>Inserir massa de dados</arg>
</arguments>
<kw name="Abrir navegador" library="Resource">
<kw name="Run Keyword If" library="BuiltIn">
<doc>Runs the given keyword with the given arguments, if ``condition`` is true.</doc>
<arguments>
<arg>'${isPipeline}'=='False'</arg>
<arg>Open Browser</arg>
<arg>about:blank</arg>
<arg>${BROWSER}</arg>
</arguments>
<kw name="Open Browser" library="SeleniumLibrary">
<doc>Opens a new browser instance to the given ``url``.</doc>
<arguments>
<arg>about:blank</arg>
<arg>${BROWSER}</arg>
</arguments>
<msg timestamp="20200407 14:41:49.500" level="INFO">Opening browser 'chrome' to base url 'about:blank'.</msg>
<status status="PASS" starttime="20200407 14:41:49.499" endtime="20200407 14:41:52.671"></status>
</kw>
<status status="PASS" starttime="20200407 14:41:49.499" endtime="20200407 14:41:52.671"></status>
</kw>
<kw name="Run Keyword If" library="BuiltIn">
<doc>Runs the given keyword with the given arguments, if ``condition`` is true.</doc>
<arguments>
<arg>'${isPipeline}'=='True'</arg>
<arg>Open Browser</arg>
<arg>about:blank</arg>
<arg>${BROWSER}</arg>
<arg>remote_url=http://${URL_PIPELINE}:4444/wd/hub</arg>
</arguments>
<status status="PASS" starttime="20200407 14:41:52.671" endtime="20200407 14:41:52.672"></status>
</kw>
<kw name="Maximize Browser Window" library="SeleniumLibrary">
<doc>Maximizes current browser window.</doc>
<status status="PASS" starttime="20200407 14:41:52.672" endtime="20200407 14:41:53.796"></status>
</kw>
<status status="PASS" starttime="20200407 14:41:49.498" endtime="20200407 14:41:53.796"></status>
</kw>
<kw name="Conectar base Postgres" library="Conexao">
<kw name="Connect To Database" library="DatabaseLibrary">
<doc>Loads the DB API 2.0 module given `dbapiModuleName` then uses it to
connect to the database using `dbName`, `dbUsername`, and `dbPassword`.</doc>
<arguments>
<arg>psycopg2</arg>
<arg>${DBName}</arg>
<arg>${DBUser}</arg>
<arg>${DBPass}</arg>
<arg>${DBHost}</arg>
<arg>${DBPort}</arg>
</arguments>
<msg timestamp="20200407 14:41:53.817" level="INFO">Connecting using : psycopg2.connect(database=sigtint, user=saj, password=agesune1, host=172.23.70.39, port=5432) </msg>
<status status="PASS" starttime="20200407 14:41:53.797" endtime="20200407 14:41:53.833"></status>
</kw>
<status status="PASS" starttime="20200407 14:41:53.796" endtime="20200407 14:41:53.833"></status>
</kw>
<kw name="Inserir massa de dados" library="Conexao">
<kw name="Execute Sql Script" library="DatabaseLibrary">
<doc>Executes the content of the `sqlScriptFileName` as SQL commands. Useful for setting the database to a known
state before running your tests, or clearing out your test data after running each a test. Set optional input
`sansTran` to True to run command without an explicit transaction commit or rollback.</doc>
<arguments>
<arg>C:\\UNJ\\sajmp-oraculo-frontend\\acceptance-tests\\GUI\\resources/${DIR_INSERT_DELETE}/${INSERT}.txt</arg>
</arguments>
<assign>
<var>${QUERY}</var>
</assign>
<msg timestamp="20200407 14:41:53.834" level="INFO">Executing : Execute SQL Script  |  C:\UNJ\sajmp-oraculo-frontend\acceptance-tests\GUI\resources/../tests/inqueritocivil/Story-228600/insertIC.txt </msg>
<msg timestamp="20200407 14:41:53.920" level="INFO">${QUERY} = None</msg>
<status status="PASS" starttime="20200407 14:41:53.834" endtime="20200407 14:41:53.920"></status>
</kw>
<status status="PASS" starttime="20200407 14:41:53.833" endtime="20200407 14:41:53.920"></status>
</kw>
<status status="PASS" starttime="20200407 14:41:49.498" endtime="20200407 14:41:53.920"></status>
</kw>
<test id="s1-s1-s1-t1" name="Test case 01: PESQUISA SEM FILTRO">
<kw name="Dado que a página inicial do portal seja acessada" library="Resource">
<kw name="Run Keyword If" library="BuiltIn">
<doc>Runs the given keyword with the given arguments, if ``condition`` is true.</doc>
<arguments>
<arg>'${BANCO}'=='Postgres'</arg>
<arg>Abrir URL Postgres</arg>
</arguments>
<kw name="Abrir URL Postgres" library="Resource">
<kw name="Go To" library="SeleniumLibrary">
<doc>Navigates the active browser instance to the provided ``url``.</doc>
<arguments>
<arg>http://172.23.70.47:90/portaltransparencia/${URL}</arg>
</arguments>
<msg timestamp="20200407 14:41:53.923" level="INFO">Opening url 'http://172.23.70.47:90/portaltransparencia/inqueritocivil'</msg>
<status status="PASS" starttime="20200407 14:41:53.923" endtime="20200407 14:41:56.133"></status>
</kw>
<status status="PASS" starttime="20200407 14:41:53.922" endtime="20200407 14:41:56.133"></status>
</kw>
<status status="PASS" starttime="20200407 14:41:53.922" endtime="20200407 14:41:56.133"></status>
</kw>
<kw name="Run Keyword If" library="BuiltIn">
<doc>Runs the given keyword with the given arguments, if ``condition`` is true.</doc>
<arguments>
<arg>'${BANCO}'=='Oracle'</arg>
<arg>Abrir URL Oracle</arg>
</arguments>
<status status="PASS" starttime="20200407 14:41:56.133" endtime="20200407 14:41:56.134"></status>
</kw>
<status status="PASS" starttime="20200407 14:41:53.921" endtime="20200407 14:41:56.134"></status>
</kw>
<kw name="Quando o botão 'Consultar' for clicado" library="Resource">
<kw name="Click Element" library="SeleniumLibrary">
<doc>Click element identified by ``locator``.</doc>
<arguments>
<arg>id=btnConsultar</arg>
</arguments>
<msg timestamp="20200407 14:41:56.141" level="INFO">Clicking element 'id=btnConsultar'.</msg>
<status status="PASS" starttime="20200407 14:41:56.141" endtime="20200407 14:41:56.323"></status>
</kw>
<status status="PASS" starttime="20200407 14:41:56.141" endtime="20200407 14:41:56.323"></status>
</kw>
<kw name="Então devem ser apresentados todos os registros que o tipo seja '0603' com sigilo 'P' aptos para demonstração no Portal da Transparência" library="Resource">
<kw name="Verifica no banco os registros do tipo '${TIPO_PROCEDIMENTO}' e sigilo '${SIGILO}' aptos para visualização na WEB" library="ResourceDB">
<kw name="Get File" library="OperatingSystem">
<doc>Returns the contents of a specified file.</doc>
<arguments>
<arg>C:\\UNJ\\sajmp-oraculo-frontend\\acceptance-tests\\GUI\\resources/${DIR}/TODOS${BANCO}.txt</arg>
</arguments>
<assign>
<var>${QUERY}</var>
</assign>
<msg timestamp="20200407 14:41:56.335" level="INFO" html="yes">Getting file '&lt;a href="file://C:\UNJ\sajmp-oraculo-frontend\acceptance-tests\GUI\tests\QUERYS\databasePostgres\TODOSPostgres.txt"&gt;C:\UNJ\sajmp-oraculo-frontend\acceptance-tests\GUI\tests\QUERYS\databasePostgres\TODOSPostgres.txt&lt;/a&gt;'.</msg>
<msg timestamp="20200407 14:41:56.357" level="INFO">${QUERY} = SELECT COUNT(*)
FROM efmpprocesso
JOIN esajtipolocal ON efmpprocesso.cdtipolocal = esajtipolocal.cdtipolocal AND esajtipolocal.flportaltransparen='S'
JOIN esajsitprocesso ON efmpprocesso.cdsituacaopro...</msg>
<status status="PASS" starttime="20200407 14:41:56.334" endtime="20200407 14:41:56.357"></status>
</kw>
<kw name="Replace Variables" library="BuiltIn">
<doc>Replaces variables in the given text with their current values.</doc>
<arguments>
<arg>${QUERY}</arg>
</arguments>
<assign>
<var>${QUERY}</var>
</assign>
<msg timestamp="20200407 14:41:56.358" level="INFO">${QUERY} = SELECT COUNT(*)
FROM efmpprocesso
JOIN esajtipolocal ON efmpprocesso.cdtipolocal = esajtipolocal.cdtipolocal AND esajtipolocal.flportaltransparen='S'
JOIN esajsitprocesso ON efmpprocesso.cdsituacaopro...</msg>
<status status="PASS" starttime="20200407 14:41:56.357" endtime="20200407 14:41:56.359"></status>
</kw>
<kw name="Query" library="DatabaseLibrary">
<doc>Uses the input `selectStatement` to query for the values that will be returned as a list of tuples. Set optional
input `sansTran` to True to run command without an explicit transaction commit or rollback.
Set optional input `returnAsDict` to True to return values as a list of dictionaries.</doc>
<arguments>
<arg>${QUERY}</arg>
</arguments>
<assign>
<var>${TODOS}</var>
</assign>
<msg timestamp="20200407 14:41:56.359" level="INFO">Executing : Query  |  SELECT COUNT(*)
FROM efmpprocesso
JOIN esajtipolocal ON efmpprocesso.cdtipolocal = esajtipolocal.cdtipolocal AND esajtipolocal.flportaltransparen='S'
JOIN esajsitprocesso ON efmpprocesso.cdsituacaoprocesso = esajsitprocesso.cdsituacaoprocesso
JOIN efmptipoprocesso ON efmpprocesso.cdtipoprocesso=efmptipoprocesso.cdtipoprocesso AND efmptipoprocesso.flexibenabuscaweb='S'
WHERE efmpprocesso.flsegredojustica='P' AND efmptipoprocesso.cdtipoprocesso = '0603' AND efmpprocesso.cdsituacaoprocesso IN ('A','B','D','E','J','L','N','P','Q','S','Z','O','V','Y','R','T')
 </msg>
<msg timestamp="20200407 14:41:56.369" level="INFO">${TODOS} = [(124,)]</msg>
<status status="PASS" starttime="20200407 14:41:56.359" endtime="20200407 14:41:56.369"></status>
</kw>
<kw name="Set Test Variable" library="BuiltIn">
<doc>Makes a variable available everywhere within the scope of the current test.</doc>
<arguments>
<arg>${TODOS[0][0]}</arg>
<arg>${TODOS[0][0]}</arg>
</arguments>
<msg timestamp="20200407 14:41:56.370" level="INFO">${TODOS[0][0]} = 124</msg>
<status status="PASS" starttime="20200407 14:41:56.369" endtime="20200407 14:41:56.370"></status>
</kw>
<status status="PASS" starttime="20200407 14:41:56.333" endtime="20200407 14:41:56.370"></status>
</kw>
<kw name="Set Variable" library="BuiltIn">
<doc>Returns the given values which can then be assigned to a variables.</doc>
<arguments>
<arg>${TODOS[0][0]} ${MENSAGEM_TOTALIZADOR}</arg>
</arguments>
<assign>
<var>${CONCAT_MENSAGEM}</var>
</assign>
<msg timestamp="20200407 14:41:56.371" level="INFO">${CONCAT_MENSAGEM} = 124 Inquérito(s) Civil(is)</msg>
<status status="PASS" starttime="20200407 14:41:56.371" endtime="20200407 14:41:56.371"></status>
</kw>
<kw name="Wait Until Page Contains" library="SeleniumLibrary">
<doc>Waits until ``text`` appears on current page.</doc>
<arguments>
<arg>${CONCAT_MENSAGEM}</arg>
</arguments>
<status status="PASS" starttime="20200407 14:41:56.371" endtime="20200407 14:41:57.089"></status>
</kw>
<status status="PASS" starttime="20200407 14:41:56.333" endtime="20200407 14:41:57.089"></status>
</kw>
<status status="PASS" starttime="20200407 14:41:53.920" endtime="20200407 14:41:57.090" critical="yes"></status>
</test>
<test id="s1-s1-s1-t2" name="Test case 02: PESQUISA NÚMERO MP">
<kw name="Dado que a página inicial do portal seja acessada" library="Resource">
<kw name="Run Keyword If" library="BuiltIn">
<doc>Runs the given keyword with the given arguments, if ``condition`` is true.</doc>
<arguments>
<arg>'${BANCO}'=='Postgres'</arg>
<arg>Abrir URL Postgres</arg>
</arguments>
<kw name="Abrir URL Postgres" library="Resource">
<kw name="Go To" library="SeleniumLibrary">
<doc>Navigates the active browser instance to the provided ``url``.</doc>
<arguments>
<arg>http://172.23.70.47:90/portaltransparencia/${URL}</arg>
</arguments>
<msg timestamp="20200407 14:41:57.094" level="INFO">Opening url 'http://172.23.70.47:90/portaltransparencia/inqueritocivil'</msg>
<status status="PASS" starttime="20200407 14:41:57.094" endtime="20200407 14:41:57.343"></status>
</kw>
<status status="PASS" starttime="20200407 14:41:57.093" endtime="20200407 14:41:57.343"></status>
</kw>
<status status="PASS" starttime="20200407 14:41:57.093" endtime="20200407 14:41:57.343"></status>
</kw>
<kw name="Run Keyword If" library="BuiltIn">
<doc>Runs the given keyword with the given arguments, if ``condition`` is true.</doc>
<arguments>
<arg>'${BANCO}'=='Oracle'</arg>
<arg>Abrir URL Oracle</arg>
</arguments>
<status status="PASS" starttime="20200407 14:41:57.344" endtime="20200407 14:41:57.344"></status>
</kw>
<status status="PASS" starttime="20200407 14:41:57.092" endtime="20200407 14:41:57.344"></status>
</kw>
<kw name="E seja informado o '062019000012591' no campo 'Número MP'" library="Resource">
<kw name="Input Text" library="SeleniumLibrary">
<doc>Types the given ``text`` into text field identified by ``locator``.</doc>
<arguments>
<arg>${CAMPO_NUMERO_MP}</arg>
<arg>${NUMERO_MP}</arg>
</arguments>
<msg timestamp="20200407 14:41:57.350" level="INFO">Typing text '062019000012591' into text field 'id=numeroMPInput'.</msg>
<status status="PASS" starttime="20200407 14:41:57.349" endtime="20200407 14:41:58.154"></status>
</kw>
<kw name="Set Test Variable" library="BuiltIn">
<doc>Makes a variable available everywhere within the scope of the current test.</doc>
<arguments>
<arg>${NUMERO_MP}</arg>
<arg>${NUMERO_MP}</arg>
</arguments>
<msg timestamp="20200407 14:41:58.155" level="INFO">${NUMERO_MP} = 062019000012591</msg>
<status status="PASS" starttime="20200407 14:41:58.155" endtime="20200407 14:41:58.155"></status>
</kw>
<status status="PASS" starttime="20200407 14:41:57.349" endtime="20200407 14:41:58.155"></status>
</kw>
<kw name="Então o sistema deve bloquear os demais campos" library="Resource">
<kw name="Wait Until Element Is Visible" library="SeleniumLibrary">
<doc>Waits until element ``locator`` is visible.</doc>
<arguments>
<arg>${CAMPO_ORGAO}</arg>
</arguments>
<status status="PASS" starttime="20200407 14:41:58.156" endtime="20200407 14:41:58.189"></status>
</kw>
<kw name="Element Should Be Disabled" library="SeleniumLibrary">
<doc>Verifies that element identified with ``locator`` is disabled.</doc>
<arguments>
<arg>${CAMPO_ORGAO}</arg>
</arguments>
<status status="PASS" starttime="20200407 14:41:58.190" endtime="20200407 14:41:58.208"></status>
</kw>
<kw name="Element Should Be Disabled" library="SeleniumLibrary">
<doc>Verifies that element identified with ``locator`` is disabled.</doc>
<arguments>
<arg>${CAMPO_PARTE_INTERESSADA}</arg>
</arguments>
<status status="PASS" starttime="20200407 14:41:58.209" endtime="20200407 14:41:58.230"></status>
</kw>
<kw name="Element Should Be Disabled" library="SeleniumLibrary">
<doc>Verifies that element identified with ``locator`` is disabled.</doc>
<arguments>
<arg>${CAMPO_DATA_INICIAL}</arg>
</arguments>
<status status="PASS" starttime="20200407 14:41:58.230" endtime="20200407 14:41:58.250"></status>
</kw>
<kw name="Element Should Be Disabled" library="SeleniumLibrary">
<doc>Verifies that element identified with ``locator`` is disabled.</doc>
<arguments>
<arg>${CAMPO_DATA_FINAL}</arg>
</arguments>
<status status="PASS" starttime="20200407 14:41:58.251" endtime="20200407 14:41:58.272"></status>
</kw>
<status status="PASS" starttime="20200407 14:41:58.156" endtime="20200407 14:41:58.272"></status>
</kw>
<kw name="Quando o botão 'Consultar' for clicado" library="Resource">
<kw name="Click Element" library="SeleniumLibrary">
<doc>Click element identified by ``locator``.</doc>
<arguments>
<arg>id=btnConsultar</arg>
</arguments>
<msg timestamp="20200407 14:41:58.274" level="INFO">Clicking element 'id=btnConsultar'.</msg>
<status status="PASS" starttime="20200407 14:41:58.273" endtime="20200407 14:41:58.422"></status>
</kw>
<status status="PASS" starttime="20200407 14:41:58.273" endtime="20200407 14:41:58.422"></status>
</kw>
<kw name="Então devem ser apresentadas as informações do processo consultado" library="Resource">
<kw name="Wait Until Page Contains" library="SeleniumLibrary">
<doc>Waits until ``text`` appears on current page.</doc>
<arguments>
<arg>1 ${MENSAGEM_TOTALIZADOR}</arg>
</arguments>
<status status="PASS" starttime="20200407 14:41:58.423" endtime="20200407 14:41:58.776"></status>
</kw>
<status status="PASS" starttime="20200407 14:41:58.423" endtime="20200407 14:41:58.776"></status>
</kw>
<kw name="E exibir a situação 'Em andamento' na cor azul" library="Resource">
<kw name="Page Should Contain" library="SeleniumLibrary">
<doc>Verifies that current page contains ``text``.</doc>
<arguments>
<arg>${SITUACAO_PROCESSO}</arg>
</arguments>
<msg timestamp="20200407 14:41:58.843" level="INFO">Current page contains text 'Em andamento'.</msg>
<status status="PASS" starttime="20200407 14:41:58.778" endtime="20200407 14:41:58.843"></status>
</kw>
<kw name="Sleep" library="BuiltIn">
<doc>Pauses the test executed for the given time.</doc>
<arguments>
<arg>1s</arg>
</arguments>
<msg timestamp="20200407 14:41:59.843" level="INFO">Slept 1 second</msg>
<status status="PASS" starttime="20200407 14:41:58.843" endtime="20200407 14:41:59.843"></status>
</kw>
<kw name="Get Element Attribute" library="SeleniumLibrary">
<doc>Returns value of ``attribute`` from element ``locator``.</doc>
<arguments>
<arg>//*[@id="root"]/div/div[1]/div[3]/div[1]/div[1]/div[1]/div</arg>
<arg>style</arg>
</arguments>
<assign>
<var>${STYLE}</var>
</assign>
<msg timestamp="20200407 14:41:59.871" level="INFO">${STYLE} = color: rgb(255, 255, 255); background-color: rgb(91, 143, 199);</msg>
<status status="PASS" starttime="20200407 14:41:59.843" endtime="20200407 14:41:59.872"></status>
</kw>
<kw name="Split String" library="String">
<doc>Splits the ``string`` using ``separator`` as a delimiter string.</doc>
<arguments>
<arg>${STYLE}</arg>
<arg>background-color:</arg>
</arguments>
<assign>
<var>${STYLE}</var>
<var>${BGCOLOR}</var>
</assign>
<msg timestamp="20200407 14:41:59.872" level="INFO">${STYLE} = color: rgb(255, 255, 255); </msg>
<msg timestamp="20200407 14:41:59.873" level="INFO">${BGCOLOR} =  rgb(91, 143, 199);</msg>
<status status="PASS" starttime="20200407 14:41:59.872" endtime="20200407 14:41:59.873"></status>
</kw>
<kw name="Remove String" library="String">
<doc>Removes all ``removables`` from the given ``string``.</doc>
<arguments>
<arg>${BGCOLOR}</arg>
<arg>;</arg>
</arguments>
<assign>
<var>${BGCOLOR}</var>
</assign>
<msg timestamp="20200407 14:41:59.873" level="INFO">${BGCOLOR} =  rgb(91, 143, 199)</msg>
<status status="PASS" starttime="20200407 14:41:59.873" endtime="20200407 14:41:59.873"></status>
</kw>
<kw name="Should Be Equal" library="BuiltIn">
<doc>Fails if the given objects are unequal.</doc>
<arguments>
<arg>' rgb(91, 143, 199)'</arg>
<arg>'${BGCOLOR}'</arg>
</arguments>
<status status="PASS" starttime="20200407 14:41:59.873" endtime="20200407 14:41:59.874"></status>
</kw>
<status status="PASS" starttime="20200407 14:41:58.777" endtime="20200407 14:41:59.874"></status>
</kw>
<kw name="E exibir a informação 'Acidente de Trânsito' no campo assunto" library="Resource">
<kw name="Element Text Should Be" library="SeleniumLibrary">
<doc>Verifies that element ``locator`` contains exact text ``expected``.</doc>
<arguments>
<arg>xpath=//*[@id="root"]/div/div[1]/div[3]/div[1]/div[2]/div[2]</arg>
<arg>${ASSUNTO}</arg>
</arguments>
<msg timestamp="20200407 14:41:59.875" level="INFO">Verifying element 'xpath=//*[@id="root"]/div/div[1]/div[3]/div[1]/div[2]/div[2]' contains exact text 'Acidente de Trânsito'.</msg>
<status status="PASS" starttime="20200407 14:41:59.875" endtime="20200407 14:41:59.903"></status>
</kw>
<status status="PASS" starttime="20200407 14:41:59.875" endtime="20200407 14:41:59.903"></status>
</kw>
<kw name="E exibir a informação '29ª Promotoria de Justiça da Comarca da Capital' no campo órgão" library="Resource">
<kw name="Element Text Should Be" library="SeleniumLibrary">
<doc>Verifies that element ``locator`` contains exact text ``expected``.</doc>
<arguments>
<arg>xpath=//*[@id="root"]/div/div[1]/div[3]/div[1]/div[3]/div[2]</arg>
<arg>${ORGAO_USO}</arg>
</arguments>
<msg timestamp="20200407 14:41:59.905" level="INFO">Verifying element 'xpath=//*[@id="root"]/div/div[1]/div[3]/div[1]/div[3]/div[2]' contains exact text '29ª Promotoria de Justiça da Comarca da Capital'.</msg>
<status status="PASS" starttime="20200407 14:41:59.905" endtime="20200407 14:41:59.936"></status>
</kw>
<status status="PASS" starttime="20200407 14:41:59.904" endtime="20200407 14:41:59.936"></status>
</kw>
<kw name="E exibir a informação 'Bento Caio Ruan Carvalho' no campo parte interessada" library="Resource">
<kw name="Element Text Should Be" library="SeleniumLibrary">
<doc>Verifies that element ``locator`` contains exact text ``expected``.</doc>
<arguments>
<arg>xpath=//*[@id="root"]/div/div[1]/div[3]/div[1]/div[4]/div[2]</arg>
<arg>${PARTE_INTERESSADA}</arg>
</arguments>
<msg timestamp="20200407 14:41:59.938" level="INFO">Verifying element 'xpath=//*[@id="root"]/div/div[1]/div[3]/div[1]/div[4]/div[2]' contains exact text 'Bento Caio Ruan Carvalho'.</msg>
<status status="PASS" starttime="20200407 14:41:59.937" endtime="20200407 14:41:59.966"></status>
</kw>
<status status="PASS" starttime="20200407 14:41:59.937" endtime="20200407 14:41:59.966"></status>
</kw>
<status status="PASS" starttime="20200407 14:41:57.091" endtime="20200407 14:41:59.967" critical="yes"></status>
</test>
<test id="s1-s1-s1-t3" name="Test case 03: PESQUISA PIC COM SIGILO DIFERENTE DE PÚBLICO">
<kw name="Dado que a página inicial do portal seja acessada" library="Resource">
<kw name="Run Keyword If" library="BuiltIn">
<doc>Runs the given keyword with the given arguments, if ``condition`` is true.</doc>
<arguments>
<arg>'${BANCO}'=='Postgres'</arg>
<arg>Abrir URL Postgres</arg>
</arguments>
<kw name="Abrir URL Postgres" library="Resource">
<kw name="Go To" library="SeleniumLibrary">
<doc>Navigates the active browser instance to the provided ``url``.</doc>
<arguments>
<arg>http://172.23.70.47:90/portaltransparencia/${URL}</arg>
</arguments>
<msg timestamp="20200407 14:41:59.971" level="INFO">Opening url 'http://172.23.70.47:90/portaltransparencia/inqueritocivil'</msg>
<status status="PASS" starttime="20200407 14:41:59.971" endtime="20200407 14:42:00.621"></status>
</kw>
<status status="PASS" starttime="20200407 14:41:59.970" endtime="20200407 14:42:00.621"></status>
</kw>
<status status="PASS" starttime="20200407 14:41:59.970" endtime="20200407 14:42:00.621"></status>
</kw>
<kw name="Run Keyword If" library="BuiltIn">
<doc>Runs the given keyword with the given arguments, if ``condition`` is true.</doc>
<arguments>
<arg>'${BANCO}'=='Oracle'</arg>
<arg>Abrir URL Oracle</arg>
</arguments>
<status status="PASS" starttime="20200407 14:42:00.621" endtime="20200407 14:42:00.622"></status>
</kw>
<status status="PASS" starttime="20200407 14:41:59.969" endtime="20200407 14:42:00.622"></status>
</kw>
<kw name="E seja informado o '062019000012592' no campo 'Número MP'" library="Resource">
<kw name="Input Text" library="SeleniumLibrary">
<doc>Types the given ``text`` into text field identified by ``locator``.</doc>
<arguments>
<arg>${CAMPO_NUMERO_MP}</arg>
<arg>${NUMERO_MP}</arg>
</arguments>
<msg timestamp="20200407 14:42:00.628" level="INFO">Typing text '062019000012592' into text field 'id=numeroMPInput'.</msg>
<status status="PASS" starttime="20200407 14:42:00.628" endtime="20200407 14:42:01.348"></status>
</kw>
<kw name="Set Test Variable" library="BuiltIn">
<doc>Makes a variable available everywhere within the scope of the current test.</doc>
<arguments>
<arg>${NUMERO_MP}</arg>
<arg>${NUMERO_MP}</arg>
</arguments>
<msg timestamp="20200407 14:42:01.349" level="INFO">${NUMERO_MP} = 062019000012592</msg>
<status status="PASS" starttime="20200407 14:42:01.349" endtime="20200407 14:42:01.349"></status>
</kw>
<status status="PASS" starttime="20200407 14:42:00.627" endtime="20200407 14:42:01.350"></status>
</kw>
<kw name="Então o sistema deve bloquear os demais campos" library="Resource">
<kw name="Wait Until Element Is Visible" library="SeleniumLibrary">
<doc>Waits until element ``locator`` is visible.</doc>
<arguments>
<arg>${CAMPO_ORGAO}</arg>
</arguments>
<status status="PASS" starttime="20200407 14:42:01.351" endtime="20200407 14:42:01.377"></status>
</kw>
<kw name="Element Should Be Disabled" library="SeleniumLibrary">
<doc>Verifies that element identified with ``locator`` is disabled.</doc>
<arguments>
<arg>${CAMPO_ORGAO}</arg>
</arguments>
<status status="PASS" starttime="20200407 14:42:01.377" endtime="20200407 14:42:01.418"></status>
</kw>
<kw name="Element Should Be Disabled" library="SeleniumLibrary">
<doc>Verifies that element identified with ``locator`` is disabled.</doc>
<arguments>
<arg>${CAMPO_PARTE_INTERESSADA}</arg>
</arguments>
<status status="PASS" starttime="20200407 14:42:01.419" endtime="20200407 14:42:01.449"></status>
</kw>
<kw name="Element Should Be Disabled" library="SeleniumLibrary">
<doc>Verifies that element identified with ``locator`` is disabled.</doc>
<arguments>
<arg>${CAMPO_DATA_INICIAL}</arg>
</arguments>
<status status="PASS" starttime="20200407 14:42:01.449" endtime="20200407 14:42:01.467"></status>
</kw>
<kw name="Element Should Be Disabled" library="SeleniumLibrary">
<doc>Verifies that element identified with ``locator`` is disabled.</doc>
<arguments>
<arg>${CAMPO_DATA_FINAL}</arg>
</arguments>
<status status="PASS" starttime="20200407 14:42:01.467" endtime="20200407 14:42:01.490"></status>
</kw>
<status status="PASS" starttime="20200407 14:42:01.350" endtime="20200407 14:42:01.491"></status>
</kw>
<kw name="Quando o botão 'Consultar' for clicado" library="Resource">
<kw name="Click Element" library="SeleniumLibrary">
<doc>Click element identified by ``locator``.</doc>
<arguments>
<arg>id=btnConsultar</arg>
</arguments>
<msg timestamp="20200407 14:42:01.492" level="INFO">Clicking element 'id=btnConsultar'.</msg>
<status status="PASS" starttime="20200407 14:42:01.492" endtime="20200407 14:42:01.686"></status>
</kw>
<status status="PASS" starttime="20200407 14:42:01.491" endtime="20200407 14:42:01.686"></status>
</kw>
<kw name="Então o sistema deve apresentar a mensagem '0 Inquérito(s) Civil(is)'" library="Resource">
<kw name="Wait Until Page Contains" library="SeleniumLibrary">
<doc>Waits until ``text`` appears on current page.</doc>
<arguments>
<arg>${MENSAGEM}</arg>
</arguments>
<status status="PASS" starttime="20200407 14:42:01.688" endtime="20200407 14:42:02.010"></status>
</kw>
<status status="PASS" starttime="20200407 14:42:01.687" endtime="20200407 14:42:02.010"></status>
</kw>
<status status="PASS" starttime="20200407 14:41:59.968" endtime="20200407 14:42:02.019" critical="yes"></status>
</test>
<test id="s1-s1-s1-t4" name="Test case 04: PESQUISA NP INVÁLIDO">
<kw name="Dado que a página inicial do portal seja acessada" library="Resource">
<kw name="Run Keyword If" library="BuiltIn">
<doc>Runs the given keyword with the given arguments, if ``condition`` is true.</doc>
<arguments>
<arg>'${BANCO}'=='Postgres'</arg>
<arg>Abrir URL Postgres</arg>
</arguments>
<kw name="Abrir URL Postgres" library="Resource">
<kw name="Go To" library="SeleniumLibrary">
<doc>Navigates the active browser instance to the provided ``url``.</doc>
<arguments>
<arg>http://172.23.70.47:90/portaltransparencia/${URL}</arg>
</arguments>
<msg timestamp="20200407 14:42:02.040" level="INFO">Opening url 'http://172.23.70.47:90/portaltransparencia/inqueritocivil'</msg>
<status status="PASS" starttime="20200407 14:42:02.040" endtime="20200407 14:42:02.709"></status>
</kw>
<status status="PASS" starttime="20200407 14:42:02.040" endtime="20200407 14:42:02.709"></status>
</kw>
<status status="PASS" starttime="20200407 14:42:02.038" endtime="20200407 14:42:02.709"></status>
</kw>
<kw name="Run Keyword If" library="BuiltIn">
<doc>Runs the given keyword with the given arguments, if ``condition`` is true.</doc>
<arguments>
<arg>'${BANCO}'=='Oracle'</arg>
<arg>Abrir URL Oracle</arg>
</arguments>
<status status="PASS" starttime="20200407 14:42:02.709" endtime="20200407 14:42:02.710"></status>
</kw>
<status status="PASS" starttime="20200407 14:42:02.038" endtime="20200407 14:42:02.710"></status>
</kw>
<kw name="E seja informado o '5646545' no campo 'Número MP'" library="Resource">
<kw name="Input Text" library="SeleniumLibrary">
<doc>Types the given ``text`` into text field identified by ``locator``.</doc>
<arguments>
<arg>${CAMPO_NUMERO_MP}</arg>
<arg>${NUMERO_MP}</arg>
</arguments>
<msg timestamp="20200407 14:42:02.715" level="INFO">Typing text '5646545' into text field 'id=numeroMPInput'.</msg>
<status status="PASS" starttime="20200407 14:42:02.715" endtime="20200407 14:42:03.117"></status>
</kw>
<kw name="Set Test Variable" library="BuiltIn">
<doc>Makes a variable available everywhere within the scope of the current test.</doc>
<arguments>
<arg>${NUMERO_MP}</arg>
<arg>${NUMERO_MP}</arg>
</arguments>
<msg timestamp="20200407 14:42:03.117" level="INFO">${NUMERO_MP} = 5646545</msg>
<status status="PASS" starttime="20200407 14:42:03.117" endtime="20200407 14:42:03.117"></status>
</kw>
<status status="PASS" starttime="20200407 14:42:02.714" endtime="20200407 14:42:03.118"></status>
</kw>
<kw name="Então o sistema deve bloquear os demais campos" library="Resource">
<kw name="Wait Until Element Is Visible" library="SeleniumLibrary">
<doc>Waits until element ``locator`` is visible.</doc>
<arguments>
<arg>${CAMPO_ORGAO}</arg>
</arguments>
<status status="PASS" starttime="20200407 14:42:03.119" endtime="20200407 14:42:03.142"></status>
</kw>
<kw name="Element Should Be Disabled" library="SeleniumLibrary">
<doc>Verifies that element identified with ``locator`` is disabled.</doc>
<arguments>
<arg>${CAMPO_ORGAO}</arg>
</arguments>
<status status="PASS" starttime="20200407 14:42:03.143" endtime="20200407 14:42:03.163"></status>
</kw>
<kw name="Element Should Be Disabled" library="SeleniumLibrary">
<doc>Verifies that element identified with ``locator`` is disabled.</doc>
<arguments>
<arg>${CAMPO_PARTE_INTERESSADA}</arg>
</arguments>
<status status="PASS" starttime="20200407 14:42:03.164" endtime="20200407 14:42:03.182"></status>
</kw>
<kw name="Element Should Be Disabled" library="SeleniumLibrary">
<doc>Verifies that element identified with ``locator`` is disabled.</doc>
<arguments>
<arg>${CAMPO_DATA_INICIAL}</arg>
</arguments>
<status status="PASS" starttime="20200407 14:42:03.182" endtime="20200407 14:42:03.200"></status>
</kw>
<kw name="Element Should Be Disabled" library="SeleniumLibrary">
<doc>Verifies that element identified with ``locator`` is disabled.</doc>
<arguments>
<arg>${CAMPO_DATA_FINAL}</arg>
</arguments>
<status status="PASS" starttime="20200407 14:42:03.200" endtime="20200407 14:42:03.217"></status>
</kw>
<status status="PASS" starttime="20200407 14:42:03.118" endtime="20200407 14:42:03.217"></status>
</kw>
<kw name="Quando o botão 'Consultar' for clicado" library="Resource">
<kw name="Click Element" library="SeleniumLibrary">
<doc>Click element identified by ``locator``.</doc>
<arguments>
<arg>id=btnConsultar</arg>
</arguments>
<msg timestamp="20200407 14:42:03.218" level="INFO">Clicking element 'id=btnConsultar'.</msg>
<status status="PASS" starttime="20200407 14:42:03.218" endtime="20200407 14:42:03.302"></status>
</kw>
<status status="PASS" starttime="20200407 14:42:03.218" endtime="20200407 14:42:03.302"></status>
</kw>
<kw name="Então o sistema deve apresentar a mensagem 'Número MP inválido.'" library="Resource">
<kw name="Wait Until Element Is Visible" library="SeleniumLibrary">
<doc>Waits until element ``locator`` is visible.</doc>
<arguments>
<arg>xpath=//*[@id='root']/div[1]/div/div/div[2]</arg>
</arguments>
<status status="PASS" starttime="20200407 14:42:03.303" endtime="20200407 14:42:03.371"></status>
</kw>
<status status="PASS" starttime="20200407 14:42:03.303" endtime="20200407 14:42:03.371"></status>
</kw>
<kw name="E sinalizar no campo" library="Resource">
<kw name="Wait Until Element Is Visible" library="SeleniumLibrary">
<doc>Waits until element ``locator`` is visible.</doc>
<arguments>
<arg>xpath=//*[@id='numeroMPInput-text']</arg>
</arguments>
<status status="PASS" starttime="20200407 14:42:03.373" endtime="20200407 14:42:03.398"></status>
</kw>
<status status="PASS" starttime="20200407 14:42:03.373" endtime="20200407 14:42:03.398"></status>
</kw>
<status status="PASS" starttime="20200407 14:42:02.037" endtime="20200407 14:42:03.399" critical="yes"></status>
</test>
<test id="s1-s1-s1-t5" name="Test case 05: PESQUISA NP INEXISTENTE">
<kw name="Dado que a página inicial do portal seja acessada" library="Resource">
<kw name="Run Keyword If" library="BuiltIn">
<doc>Runs the given keyword with the given arguments, if ``condition`` is true.</doc>
<arguments>
<arg>'${BANCO}'=='Postgres'</arg>
<arg>Abrir URL Postgres</arg>
</arguments>
<kw name="Abrir URL Postgres" library="Resource">
<kw name="Go To" library="SeleniumLibrary">
<doc>Navigates the active browser instance to the provided ``url``.</doc>
<arguments>
<arg>http://172.23.70.47:90/portaltransparencia/${URL}</arg>
</arguments>
<msg timestamp="20200407 14:42:03.403" level="INFO">Opening url 'http://172.23.70.47:90/portaltransparencia/inqueritocivil'</msg>
<status status="PASS" starttime="20200407 14:42:03.403" endtime="20200407 14:42:04.203"></status>
</kw>
<status status="PASS" starttime="20200407 14:42:03.403" endtime="20200407 14:42:04.203"></status>
</kw>
<status status="PASS" starttime="20200407 14:42:03.402" endtime="20200407 14:42:04.203"></status>
</kw>
<kw name="Run Keyword If" library="BuiltIn">
<doc>Runs the given keyword with the given arguments, if ``condition`` is true.</doc>
<arguments>
<arg>'${BANCO}'=='Oracle'</arg>
<arg>Abrir URL Oracle</arg>
</arguments>
<status status="PASS" starttime="20200407 14:42:04.203" endtime="20200407 14:42:04.204"></status>
</kw>
<status status="PASS" starttime="20200407 14:42:03.402" endtime="20200407 14:42:04.204"></status>
</kw>
<kw name="E seja informado o '564654565645645' no campo 'Número MP'" library="Resource">
<kw name="Input Text" library="SeleniumLibrary">
<doc>Types the given ``text`` into text field identified by ``locator``.</doc>
<arguments>
<arg>${CAMPO_NUMERO_MP}</arg>
<arg>${NUMERO_MP}</arg>
</arguments>
<msg timestamp="20200407 14:42:04.225" level="INFO">Typing text '564654565645645' into text field 'id=numeroMPInput'.</msg>
<status status="PASS" starttime="20200407 14:42:04.225" endtime="20200407 14:42:04.756"></status>
</kw>
<kw name="Set Test Variable" library="BuiltIn">
<doc>Makes a variable available everywhere within the scope of the current test.</doc>
<arguments>
<arg>${NUMERO_MP}</arg>
<arg>${NUMERO_MP}</arg>
</arguments>
<msg timestamp="20200407 14:42:04.757" level="INFO">${NUMERO_MP} = 564654565645645</msg>
<status status="PASS" starttime="20200407 14:42:04.757" endtime="20200407 14:42:04.757"></status>
</kw>
<status status="PASS" starttime="20200407 14:42:04.225" endtime="20200407 14:42:04.757"></status>
</kw>
<kw name="Então o sistema deve bloquear os demais campos" library="Resource">
<kw name="Wait Until Element Is Visible" library="SeleniumLibrary">
<doc>Waits until element ``locator`` is visible.</doc>
<arguments>
<arg>${CAMPO_ORGAO}</arg>
</arguments>
<status status="PASS" starttime="20200407 14:42:04.759" endtime="20200407 14:42:04.785"></status>
</kw>
<kw name="Element Should Be Disabled" library="SeleniumLibrary">
<doc>Verifies that element identified with ``locator`` is disabled.</doc>
<arguments>
<arg>${CAMPO_ORGAO}</arg>
</arguments>
<status status="PASS" starttime="20200407 14:42:04.785" endtime="20200407 14:42:04.809"></status>
</kw>
<kw name="Element Should Be Disabled" library="SeleniumLibrary">
<doc>Verifies that element identified with ``locator`` is disabled.</doc>
<arguments>
<arg>${CAMPO_PARTE_INTERESSADA}</arg>
</arguments>
<status status="PASS" starttime="20200407 14:42:04.809" endtime="20200407 14:42:04.825"></status>
</kw>
<kw name="Element Should Be Disabled" library="SeleniumLibrary">
<doc>Verifies that element identified with ``locator`` is disabled.</doc>
<arguments>
<arg>${CAMPO_DATA_INICIAL}</arg>
</arguments>
<status status="PASS" starttime="20200407 14:42:04.826" endtime="20200407 14:42:04.845"></status>
</kw>
<kw name="Element Should Be Disabled" library="SeleniumLibrary">
<doc>Verifies that element identified with ``locator`` is disabled.</doc>
<arguments>
<arg>${CAMPO_DATA_FINAL}</arg>
</arguments>
<status status="PASS" starttime="20200407 14:42:04.846" endtime="20200407 14:42:04.865"></status>
</kw>
<status status="PASS" starttime="20200407 14:42:04.758" endtime="20200407 14:42:04.866"></status>
</kw>
<kw name="Quando o botão 'Consultar' for clicado" library="Resource">
<kw name="Click Element" library="SeleniumLibrary">
<doc>Click element identified by ``locator``.</doc>
<arguments>
<arg>id=btnConsultar</arg>
</arguments>
<msg timestamp="20200407 14:42:04.867" level="INFO">Clicking element 'id=btnConsultar'.</msg>
<status status="PASS" starttime="20200407 14:42:04.867" endtime="20200407 14:42:05.060"></status>
</kw>
<status status="PASS" starttime="20200407 14:42:04.866" endtime="20200407 14:42:05.060"></status>
</kw>
<kw name="Então o sistema deve apresentar a mensagem '0 Inquérito(s) Civil(is)'" library="Resource">
<kw name="Wait Until Page Contains" library="SeleniumLibrary">
<doc>Waits until ``text`` appears on current page.</doc>
<arguments>
<arg>${MENSAGEM}</arg>
</arguments>
<status status="PASS" starttime="20200407 14:42:05.061" endtime="20200407 14:42:05.560"></status>
</kw>
<status status="PASS" starttime="20200407 14:42:05.061" endtime="20200407 14:42:05.560"></status>
</kw>
<status status="PASS" starttime="20200407 14:42:03.401" endtime="20200407 14:42:05.562" critical="yes"></status>
</test>
<kw name="Run Keywords" library="BuiltIn" type="teardown">
<doc>Executes all the given keywords in a sequence.</doc>
<arguments>
<arg>Deletar os registros</arg>
<arg>AND</arg>
<arg>Desconectar Base</arg>
<arg>AND</arg>
<arg>Fechar navegador</arg>
</arguments>
<kw name="Deletar os registros" library="Conexao">
<kw name="Run Keyword If" library="BuiltIn">
<doc>Runs the given keyword with the given arguments, if ``condition`` is true.</doc>
<arguments>
<arg>'${isPipeline}'=='False'</arg>
<arg>Execução deletes</arg>
</arguments>
<kw name="Execução deletes" library="Conexao">
<kw name="Run Keyword If" library="BuiltIn">
<doc>Runs the given keyword with the given arguments, if ``condition`` is true.</doc>
<arguments>
<arg>'${BANCO}'=='Postgres'</arg>
<arg>Execute Sql Script</arg>
<arg>C:\\UNJ\\sajmp-oraculo-frontend\\acceptance-tests\\GUI\\resources/${DIR_INSERT_DELETE}/${DELETE}${BANCO}.txt</arg>
</arguments>
<assign>
<var>${QUERY}</var>
</assign>
<kw name="Execute Sql Script" library="DatabaseLibrary">
<doc>Executes the content of the `sqlScriptFileName` as SQL commands. Useful for setting the database to a known
state before running your tests, or clearing out your test data after running each a test. Set optional input
`sansTran` to True to run command without an explicit transaction commit or rollback.</doc>
<arguments>
<arg>C:\\UNJ\\sajmp-oraculo-frontend\\acceptance-tests\\GUI\\resources/${DIR_INSERT_DELETE}/${DELETE}${BANCO}.txt</arg>
</arguments>
<msg timestamp="20200407 14:42:05.569" level="INFO">Executing : Execute SQL Script  |  C:\UNJ\sajmp-oraculo-frontend\acceptance-tests\GUI\resources/../tests/inqueritocivil/Story-228600/deleteICPostgres.txt </msg>
<status status="PASS" starttime="20200407 14:42:05.568" endtime="20200407 14:42:05.684"></status>
</kw>
<msg timestamp="20200407 14:42:05.684" level="INFO">${QUERY} = None</msg>
<status status="PASS" starttime="20200407 14:42:05.567" endtime="20200407 14:42:05.684"></status>
</kw>
<kw name="Run Keyword If" library="BuiltIn">
<doc>Runs the given keyword with the given arguments, if ``condition`` is true.</doc>
<arguments>
<arg>'${BANCO}'=='Oracle'</arg>
<arg>Execute Sql Script</arg>
<arg>C:\\UNJ\\sajmp-oraculo-frontend\\acceptance-tests\\GUI\\resources/${DIR_INSERT_DELETE}/${DELETE}${BANCO}.txt</arg>
</arguments>
<assign>
<var>${QUERY}</var>
</assign>
<msg timestamp="20200407 14:42:05.685" level="INFO">${QUERY} = None</msg>
<status status="PASS" starttime="20200407 14:42:05.685" endtime="20200407 14:42:05.685"></status>
</kw>
<status status="PASS" starttime="20200407 14:42:05.567" endtime="20200407 14:42:05.685"></status>
</kw>
<status status="PASS" starttime="20200407 14:42:05.567" endtime="20200407 14:42:05.685"></status>
</kw>
<status status="PASS" starttime="20200407 14:42:05.566" endtime="20200407 14:42:05.686"></status>
</kw>
<kw name="Desconectar Base" library="Conexao">
<kw name="Disconnect From Database" library="DatabaseLibrary">
<doc>Disconnects from the database.</doc>
<msg timestamp="20200407 14:42:05.687" level="INFO">Executing : Disconnect From Database</msg>
<status status="PASS" starttime="20200407 14:42:05.687" endtime="20200407 14:42:05.687"></status>
</kw>
<status status="PASS" starttime="20200407 14:42:05.686" endtime="20200407 14:42:05.687"></status>
</kw>
<kw name="Fechar navegador" library="Resource">
<kw name="Close Browser" library="SeleniumLibrary">
<doc>Closes the current browser.</doc>
<status status="PASS" starttime="20200407 14:42:05.688" endtime="20200407 14:42:08.460"></status>
</kw>
<status status="PASS" starttime="20200407 14:42:05.688" endtime="20200407 14:42:08.460"></status>
</kw>
<status status="PASS" starttime="20200407 14:42:05.566" endtime="20200407 14:42:08.460"></status>
</kw>
<status status="PASS" starttime="20200407 14:41:48.850" endtime="20200407 14:42:08.460"></status>
</suite>
<status status="PASS" starttime="20200407 14:41:48.847" endtime="20200407 14:42:08.466"></status>
</suite>
<suite id="s1-s2" name="Story-228633" source="C:\UNJ\sajmp-oraculo-frontend\acceptance-tests\GUI\tests\inqueritocivil\Story-228633">
<suite id="s1-s2-s1" name="TestSuiteInqueritoCivilFiltroPartes" source="C:\UNJ\sajmp-oraculo-frontend\acceptance-tests\GUI\tests\inqueritocivil\Story-228633\TestSuiteInqueritoCivilFiltroPartes.robot">
<kw name="Run Keywords" library="BuiltIn" type="setup">
<doc>Executes all the given keywords in a sequence.</doc>
<arguments>
<arg>Abrir navegador</arg>
<arg>AND</arg>
<arg>Conectar base ${BANCO}</arg>
<arg>AND</arg>
<arg>Inserir massa de dados</arg>
</arguments>
<kw name="Abrir navegador" library="Resource">
<kw name="Run Keyword If" library="BuiltIn">
<doc>Runs the given keyword with the given arguments, if ``condition`` is true.</doc>
<arguments>
<arg>'${isPipeline}'=='False'</arg>
<arg>Open Browser</arg>
<arg>about:blank</arg>
<arg>${BROWSER}</arg>
</arguments>
<kw name="Open Browser" library="SeleniumLibrary">
<doc>Opens a new browser instance to the given ``url``.</doc>
<arguments>
<arg>about:blank</arg>
<arg>${BROWSER}</arg>
</arguments>
<msg timestamp="20200407 14:42:08.514" level="INFO">Opening browser 'chrome' to base url 'about:blank'.</msg>
<status status="PASS" starttime="20200407 14:42:08.513" endtime="20200407 14:42:11.863"></status>
</kw>
<status status="PASS" starttime="20200407 14:42:08.513" endtime="20200407 14:42:11.863"></status>
</kw>
<kw name="Run Keyword If" library="BuiltIn">
<doc>Runs the given keyword with the given arguments, if ``condition`` is true.</doc>
<arguments>
<arg>'${isPipeline}'=='True'</arg>
<arg>Open Browser</arg>
<arg>about:blank</arg>
<arg>${BROWSER}</arg>
<arg>remote_url=http://${URL_PIPELINE}:4444/wd/hub</arg>
</arguments>
<status status="PASS" starttime="20200407 14:42:11.864" endtime="20200407 14:42:11.864"></status>
</kw>
<kw name="Maximize Browser Window" library="SeleniumLibrary">
<doc>Maximizes current browser window.</doc>
<status status="PASS" starttime="20200407 14:42:11.865" endtime="20200407 14:42:12.984"></status>
</kw>
<status status="PASS" starttime="20200407 14:42:08.512" endtime="20200407 14:42:12.985"></status>
</kw>
<kw name="Conectar base Postgres" library="Conexao">
<kw name="Connect To Database" library="DatabaseLibrary">
<doc>Loads the DB API 2.0 module given `dbapiModuleName` then uses it to
connect to the database using `dbName`, `dbUsername`, and `dbPassword`.</doc>
<arguments>
<arg>psycopg2</arg>
<arg>${DBName}</arg>
<arg>${DBUser}</arg>
<arg>${DBPass}</arg>
<arg>${DBHost}</arg>
<arg>${DBPort}</arg>
</arguments>
<msg timestamp="20200407 14:42:12.986" level="INFO">Connecting using : psycopg2.connect(database=sigtint, user=saj, password=agesune1, host=172.23.70.39, port=5432) </msg>
<status status="PASS" starttime="20200407 14:42:12.985" endtime="20200407 14:42:13.001"></status>
</kw>
<status status="PASS" starttime="20200407 14:42:12.985" endtime="20200407 14:42:13.001"></status>
</kw>
<kw name="Inserir massa de dados" library="Conexao">
<kw name="Execute Sql Script" library="DatabaseLibrary">
<doc>Executes the content of the `sqlScriptFileName` as SQL commands. Useful for setting the database to a known
state before running your tests, or clearing out your test data after running each a test. Set optional input
`sansTran` to True to run command without an explicit transaction commit or rollback.</doc>
<arguments>
<arg>C:\\UNJ\\sajmp-oraculo-frontend\\acceptance-tests\\GUI\\resources/${DIR_INSERT_DELETE}/${INSERT}.txt</arg>
</arguments>
<assign>
<var>${QUERY}</var>
</assign>
<msg timestamp="20200407 14:42:13.003" level="INFO">Executing : Execute SQL Script  |  C:\UNJ\sajmp-oraculo-frontend\acceptance-tests\GUI\resources/../tests/inqueritocivil/Story-228633/insertIC.txt </msg>
<msg timestamp="20200407 14:42:13.139" level="INFO">${QUERY} = None</msg>
<status status="PASS" starttime="20200407 14:42:13.002" endtime="20200407 14:42:13.139"></status>
</kw>
<status status="PASS" starttime="20200407 14:42:13.002" endtime="20200407 14:42:13.139"></status>
</kw>
<status status="PASS" starttime="20200407 14:42:08.512" endtime="20200407 14:42:13.139"></status>
</kw>
<test id="s1-s2-s1-t1" name="Test case 06: PESQUISA POR PARTES INTERESSADAS COM PROCEDIMENTOS COM DIFERENTES NÍVEIS DE SIGILO">
<kw name="Dado que a página inicial do portal seja acessada" library="Resource">
<kw name="Run Keyword If" library="BuiltIn">
<doc>Runs the given keyword with the given arguments, if ``condition`` is true.</doc>
<arguments>
<arg>'${BANCO}'=='Postgres'</arg>
<arg>Abrir URL Postgres</arg>
</arguments>
<kw name="Abrir URL Postgres" library="Resource">
<kw name="Go To" library="SeleniumLibrary">
<doc>Navigates the active browser instance to the provided ``url``.</doc>
<arguments>
<arg>http://172.23.70.47:90/portaltransparencia/${URL}</arg>
</arguments>
<msg timestamp="20200407 14:42:13.142" level="INFO">Opening url 'http://172.23.70.47:90/portaltransparencia/inqueritocivil'</msg>
<status status="PASS" starttime="20200407 14:42:13.142" endtime="20200407 14:42:15.535"></status>
</kw>
<status status="PASS" starttime="20200407 14:42:13.141" endtime="20200407 14:42:15.536"></status>
</kw>
<status status="PASS" starttime="20200407 14:42:13.141" endtime="20200407 14:42:15.536"></status>
</kw>
<kw name="Run Keyword If" library="BuiltIn">
<doc>Runs the given keyword with the given arguments, if ``condition`` is true.</doc>
<arguments>
<arg>'${BANCO}'=='Oracle'</arg>
<arg>Abrir URL Oracle</arg>
</arguments>
<status status="PASS" starttime="20200407 14:42:15.536" endtime="20200407 14:42:15.536"></status>
</kw>
<status status="PASS" starttime="20200407 14:42:13.140" endtime="20200407 14:42:15.537"></status>
</kw>
<kw name="E seja informada 'Carolina Clarice' no campo 'Parte interessada'" library="Resource">
<kw name="Input Text" library="SeleniumLibrary">
<doc>Types the given ``text`` into text field identified by ``locator``.</doc>
<arguments>
<arg>${CAMPO_PARTE_INTERESSADA}</arg>
<arg>${PARTE_INTERESSADA}</arg>
</arguments>
<msg timestamp="20200407 14:42:15.552" level="INFO">Typing text 'Carolina Clarice' into text field 'id=parteInteressada'.</msg>
<status status="PASS" starttime="20200407 14:42:15.552" endtime="20200407 14:42:16.073"></status>
</kw>
<kw name="Set Test Variable" library="BuiltIn">
<doc>Makes a variable available everywhere within the scope of the current test.</doc>
<arguments>
<arg>${PARTE_INTERESSADA}</arg>
<arg>${PARTE_INTERESSADA}</arg>
</arguments>
<msg timestamp="20200407 14:42:16.073" level="INFO">${PARTE_INTERESSADA} = Carolina Clarice</msg>
<status status="PASS" starttime="20200407 14:42:16.073" endtime="20200407 14:42:16.074"></status>
</kw>
<status status="PASS" starttime="20200407 14:42:15.551" endtime="20200407 14:42:16.074"></status>
</kw>
<kw name="Quando o botão 'Consultar' for clicado" library="Resource">
<kw name="Click Element" library="SeleniumLibrary">
<doc>Click element identified by ``locator``.</doc>
<arguments>
<arg>id=btnConsultar</arg>
</arguments>
<msg timestamp="20200407 14:42:16.076" level="INFO">Clicking element 'id=btnConsultar'.</msg>
<status status="PASS" starttime="20200407 14:42:16.076" endtime="20200407 14:42:16.295"></status>
</kw>
<status status="PASS" starttime="20200407 14:42:16.074" endtime="20200407 14:42:16.295"></status>
</kw>
<kw name="Então o sistema deve apresentar somente os processos com tipo '0603' e sigilo 'P' vinculados a parte interessada" library="Resource">
<kw name="Verifica a quantidade dos processos com tipo '${TIPO_PROCEDIMENTO}' e sigilo '${SIGILO}' vinculados a parte interessada" library="ResourceDB">
<kw name="Get File" library="OperatingSystem">
<doc>Returns the contents of a specified file.</doc>
<arguments>
<arg>C:\\UNJ\\sajmp-oraculo-frontend\\acceptance-tests\\GUI\\resources/${DIR}/QuantidadeParte${BANCO}.txt</arg>
</arguments>
<assign>
<var>${QUERY}</var>
</assign>
<msg timestamp="20200407 14:42:16.299" level="INFO" html="yes">Getting file '&lt;a href="file://C:\UNJ\sajmp-oraculo-frontend\acceptance-tests\GUI\tests\QUERYS\databasePostgres\QuantidadePartePostgres.txt"&gt;C:\UNJ\sajmp-oraculo-frontend\acceptance-tests\GUI\tests\QUERYS\databasePostgres\QuantidadePartePostgres.txt&lt;/a&gt;'.</msg>
<msg timestamp="20200407 14:42:16.320" level="INFO">${QUERY} = SELECT COUNT(*)
FROM esajnome
JOIN efmpparte ON esajnome.cdpessoa = efmpparte.cdpessoa
JOIN efmpprocesso on efmpparte.cdprocesso = efmpprocesso.cdprocesso
JOIN esajtipolocal ON efmpprocesso.cdtipoloca...</msg>
<status status="PASS" starttime="20200407 14:42:16.298" endtime="20200407 14:42:16.320"></status>
</kw>
<kw name="Replace Variables" library="BuiltIn">
<doc>Replaces variables in the given text with their current values.</doc>
<arguments>
<arg>${QUERY}</arg>
</arguments>
<assign>
<var>${QUERY}</var>
</assign>
<msg timestamp="20200407 14:42:16.321" level="INFO">${QUERY} = SELECT COUNT(*)
FROM esajnome
JOIN efmpparte ON esajnome.cdpessoa = efmpparte.cdpessoa
JOIN efmpprocesso on efmpparte.cdprocesso = efmpprocesso.cdprocesso
JOIN esajtipolocal ON efmpprocesso.cdtipoloca...</msg>
<status status="PASS" starttime="20200407 14:42:16.320" endtime="20200407 14:42:16.321"></status>
</kw>
<kw name="Query" library="DatabaseLibrary">
<doc>Uses the input `selectStatement` to query for the values that will be returned as a list of tuples. Set optional
input `sansTran` to True to run command without an explicit transaction commit or rollback.
Set optional input `returnAsDict` to True to return values as a list of dictionaries.</doc>
<arguments>
<arg>${QUERY}</arg>
</arguments>
<assign>
<var>${COUNT_PARTE_SIGILO_TODOS}</var>
</assign>
<msg timestamp="20200407 14:42:16.321" level="INFO">Executing : Query  |  SELECT COUNT(*)
FROM esajnome
JOIN efmpparte ON esajnome.cdpessoa = efmpparte.cdpessoa
JOIN efmpprocesso on efmpparte.cdprocesso = efmpprocesso.cdprocesso
JOIN esajtipolocal ON efmpprocesso.cdtipolocal = esajtipolocal.cdtipolocal
JOIN esajsitprocesso ON efmpprocesso.cdsituacaoprocesso = esajsitprocesso.cdsituacaoprocesso
JOIN efmptipoprocesso ON efmpprocesso.cdtipoprocesso=efmptipoprocesso.cdtipoprocesso
WHERE efmpprocesso.flsegredojustica='P' AND efmptipoprocesso.cdtipoprocesso = '0603' AND efmpprocesso.cdsituacaoprocesso IN ('A','B','D','E','J','L','N','P','Q','S','Z','O','V','Y','R','T') AND esajnome.nmpessoa ilike '%Carolina Clarice%' AND efmpparte.flsegredojustica='N' AND efmpparte.flsituacao&lt;&gt;'E'
 </msg>
<msg timestamp="20200407 14:42:16.350" level="INFO">${COUNT_PARTE_SIGILO_TODOS} = [(1,)]</msg>
<status status="PASS" starttime="20200407 14:42:16.321" endtime="20200407 14:42:16.350"></status>
</kw>
<kw name="Set Test Variable" library="BuiltIn">
<doc>Makes a variable available everywhere within the scope of the current test.</doc>
<arguments>
<arg>${COUNT_PARTE_SIGILO_TODOS[0][0]}</arg>
<arg>${COUNT_PARTE_SIGILO_TODOS[0][0]}</arg>
</arguments>
<msg timestamp="20200407 14:42:16.351" level="INFO">${COUNT_PARTE_SIGILO_TODOS[0][0]} = 1</msg>
<status status="PASS" starttime="20200407 14:42:16.350" endtime="20200407 14:42:16.351"></status>
</kw>
<status status="PASS" starttime="20200407 14:42:16.298" endtime="20200407 14:42:16.351"></status>
</kw>
<kw name="Set Variable" library="BuiltIn">
<doc>Returns the given values which can then be assigned to a variables.</doc>
<arguments>
<arg>${COUNT_PARTE_SIGILO_TODOS[0][0]} ${MENSAGEM_TOTALIZADOR}</arg>
</arguments>
<assign>
<var>${CONCAT_MENSAGEM}</var>
</assign>
<msg timestamp="20200407 14:42:16.352" level="INFO">${CONCAT_MENSAGEM} = 1 Inquérito(s) Civil(is)</msg>
<status status="PASS" starttime="20200407 14:42:16.352" endtime="20200407 14:42:16.352"></status>
</kw>
<kw name="Wait Until Page Contains" library="SeleniumLibrary">
<doc>Waits until ``text`` appears on current page.</doc>
<arguments>
<arg>${CONCAT_MENSAGEM}</arg>
</arguments>
<status status="PASS" starttime="20200407 14:42:16.352" endtime="20200407 14:42:16.999"></status>
</kw>
<status status="PASS" starttime="20200407 14:42:16.297" endtime="20200407 14:42:16.999"></status>
</kw>
<status status="PASS" starttime="20200407 14:42:13.139" endtime="20200407 14:42:17.005" critical="yes"></status>
</test>
<test id="s1-s2-s1-t2" name="Test case 07: PESQUISA POR PARTES INTERESSADAS COM PROCEDIMENTOS COM SIGILO DIFERENTE DE PÚBLICO">
<kw name="Dado que a página inicial do portal seja acessada" library="Resource">
<kw name="Run Keyword If" library="BuiltIn">
<doc>Runs the given keyword with the given arguments, if ``condition`` is true.</doc>
<arguments>
<arg>'${BANCO}'=='Postgres'</arg>
<arg>Abrir URL Postgres</arg>
</arguments>
<kw name="Abrir URL Postgres" library="Resource">
<kw name="Go To" library="SeleniumLibrary">
<doc>Navigates the active browser instance to the provided ``url``.</doc>
<arguments>
<arg>http://172.23.70.47:90/portaltransparencia/${URL}</arg>
</arguments>
<msg timestamp="20200407 14:42:17.010" level="INFO">Opening url 'http://172.23.70.47:90/portaltransparencia/inqueritocivil'</msg>
<status status="PASS" starttime="20200407 14:42:17.010" endtime="20200407 14:42:17.800"></status>
</kw>
<status status="PASS" starttime="20200407 14:42:17.009" endtime="20200407 14:42:17.801"></status>
</kw>
<status status="PASS" starttime="20200407 14:42:17.009" endtime="20200407 14:42:17.801"></status>
</kw>
<kw name="Run Keyword If" library="BuiltIn">
<doc>Runs the given keyword with the given arguments, if ``condition`` is true.</doc>
<arguments>
<arg>'${BANCO}'=='Oracle'</arg>
<arg>Abrir URL Oracle</arg>
</arguments>
<status status="PASS" starttime="20200407 14:42:17.801" endtime="20200407 14:42:17.801"></status>
</kw>
<status status="PASS" starttime="20200407 14:42:17.008" endtime="20200407 14:42:17.801"></status>
</kw>
<kw name="E seja informada 'Julio Bernardo Henrique Ribeiro' no campo 'Parte interessada'" library="Resource">
<kw name="Input Text" library="SeleniumLibrary">
<doc>Types the given ``text`` into text field identified by ``locator``.</doc>
<arguments>
<arg>${CAMPO_PARTE_INTERESSADA}</arg>
<arg>${PARTE_INTERESSADA}</arg>
</arguments>
<msg timestamp="20200407 14:42:17.810" level="INFO">Typing text 'Julio Bernardo Henrique Ribeiro' into text field 'id=parteInteressada'.</msg>
<status status="PASS" starttime="20200407 14:42:17.810" endtime="20200407 14:42:18.589"></status>
</kw>
<kw name="Set Test Variable" library="BuiltIn">
<doc>Makes a variable available everywhere within the scope of the current test.</doc>
<arguments>
<arg>${PARTE_INTERESSADA}</arg>
<arg>${PARTE_INTERESSADA}</arg>
</arguments>
<msg timestamp="20200407 14:42:18.590" level="INFO">${PARTE_INTERESSADA} = Julio Bernardo Henrique Ribeiro</msg>
<status status="PASS" starttime="20200407 14:42:18.589" endtime="20200407 14:42:18.590"></status>
</kw>
<status status="PASS" starttime="20200407 14:42:17.809" endtime="20200407 14:42:18.590"></status>
</kw>
<kw name="Quando o botão 'Consultar' for clicado" library="Resource">
<kw name="Click Element" library="SeleniumLibrary">
<doc>Click element identified by ``locator``.</doc>
<arguments>
<arg>id=btnConsultar</arg>
</arguments>
<msg timestamp="20200407 14:42:18.592" level="INFO">Clicking element 'id=btnConsultar'.</msg>
<status status="PASS" starttime="20200407 14:42:18.591" endtime="20200407 14:42:18.760"></status>
</kw>
<status status="PASS" starttime="20200407 14:42:18.590" endtime="20200407 14:42:18.760"></status>
</kw>
<kw name="Então o sistema deve apresentar a mensagem '0 Inquérito(s) Civil(is)'" library="Resource">
<kw name="Wait Until Page Contains" library="SeleniumLibrary">
<doc>Waits until ``text`` appears on current page.</doc>
<arguments>
<arg>${MENSAGEM}</arg>
</arguments>
<status status="PASS" starttime="20200407 14:42:18.764" endtime="20200407 14:42:19.093"></status>
</kw>
<status status="PASS" starttime="20200407 14:42:18.763" endtime="20200407 14:42:19.093"></status>
</kw>
<status status="PASS" starttime="20200407 14:42:17.007" endtime="20200407 14:42:19.101" critical="yes"></status>
</test>
<test id="s1-s2-s1-t3" name="Test case 08: PESQUISA POR PARTES INTERESSADAS QUE NÃO POSSUEM VÍNCULOS COM PROCEDIMENTOS">
<kw name="Dado que a página inicial do portal seja acessada" library="Resource">
<kw name="Run Keyword If" library="BuiltIn">
<doc>Runs the given keyword with the given arguments, if ``condition`` is true.</doc>
<arguments>
<arg>'${BANCO}'=='Postgres'</arg>
<arg>Abrir URL Postgres</arg>
</arguments>
<kw name="Abrir URL Postgres" library="Resource">
<kw name="Go To" library="SeleniumLibrary">
<doc>Navigates the active browser instance to the provided ``url``.</doc>
<arguments>
<arg>http://172.23.70.47:90/portaltransparencia/${URL}</arg>
</arguments>
<msg timestamp="20200407 14:42:19.109" level="INFO">Opening url 'http://172.23.70.47:90/portaltransparencia/inqueritocivil'</msg>
<status status="PASS" starttime="20200407 14:42:19.109" endtime="20200407 14:42:19.799"></status>
</kw>
<status status="PASS" starttime="20200407 14:42:19.108" endtime="20200407 14:42:19.799"></status>
</kw>
<status status="PASS" starttime="20200407 14:42:19.107" endtime="20200407 14:42:19.799"></status>
</kw>
<kw name="Run Keyword If" library="BuiltIn">
<doc>Runs the given keyword with the given arguments, if ``condition`` is true.</doc>
<arguments>
<arg>'${BANCO}'=='Oracle'</arg>
<arg>Abrir URL Oracle</arg>
</arguments>
<status status="PASS" starttime="20200407 14:42:19.800" endtime="20200407 14:42:19.800"></status>
</kw>
<status status="PASS" starttime="20200407 14:42:19.107" endtime="20200407 14:42:19.800"></status>
</kw>
<kw name="E seja informada uma parte interessada no campo 'Parte interessada' que não possua procedimentos vinculados" library="Resource">
<kw name="Input Text" library="SeleniumLibrary">
<doc>Types the given ``text`` into text field identified by ``locator``.</doc>
<arguments>
<arg>${CAMPO_PARTE_INTERESSADA}</arg>
<arg>Parte interessada sem vínculo</arg>
</arguments>
<msg timestamp="20200407 14:42:19.828" level="INFO">Typing text 'Parte interessada sem vínculo' into text field 'id=parteInteressada'.</msg>
<status status="PASS" starttime="20200407 14:42:19.828" endtime="20200407 14:42:20.411"></status>
</kw>
<status status="PASS" starttime="20200407 14:42:19.828" endtime="20200407 14:42:20.411"></status>
</kw>
<kw name="Quando o botão 'Consultar' for clicado" library="Resource">
<kw name="Click Element" library="SeleniumLibrary">
<doc>Click element identified by ``locator``.</doc>
<arguments>
<arg>id=btnConsultar</arg>
</arguments>
<msg timestamp="20200407 14:42:20.412" level="INFO">Clicking element 'id=btnConsultar'.</msg>
<status status="PASS" starttime="20200407 14:42:20.412" endtime="20200407 14:42:20.535"></status>
</kw>
<status status="PASS" starttime="20200407 14:42:20.411" endtime="20200407 14:42:20.535"></status>
</kw>
<kw name="Então o sistema deve apresentar a mensagem '0 Inquérito(s) Civil(is)'" library="Resource">
<kw name="Wait Until Page Contains" library="SeleniumLibrary">
<doc>Waits until ``text`` appears on current page.</doc>
<arguments>
<arg>${MENSAGEM}</arg>
</arguments>
<status status="PASS" starttime="20200407 14:42:20.537" endtime="20200407 14:42:20.775"></status>
</kw>
<status status="PASS" starttime="20200407 14:42:20.536" endtime="20200407 14:42:20.775"></status>
</kw>
<status status="PASS" starttime="20200407 14:42:19.106" endtime="20200407 14:42:20.776" critical="yes"></status>
</test>
<test id="s1-s2-s1-t4" name="Test case 09: PESQUISA POR PARTES INTERESSADAS COM VÍNCULO SIGILOSO, PÚBLICO E EXCLUÍDO A PROCESSOS DISTINTOS">
<kw name="Dado que a página inicial do portal seja acessada" library="Resource">
<kw name="Run Keyword If" library="BuiltIn">
<doc>Runs the given keyword with the given arguments, if ``condition`` is true.</doc>
<arguments>
<arg>'${BANCO}'=='Postgres'</arg>
<arg>Abrir URL Postgres</arg>
</arguments>
<kw name="Abrir URL Postgres" library="Resource">
<kw name="Go To" library="SeleniumLibrary">
<doc>Navigates the active browser instance to the provided ``url``.</doc>
<arguments>
<arg>http://172.23.70.47:90/portaltransparencia/${URL}</arg>
</arguments>
<msg timestamp="20200407 14:42:20.780" level="INFO">Opening url 'http://172.23.70.47:90/portaltransparencia/inqueritocivil'</msg>
<status status="PASS" starttime="20200407 14:42:20.780" endtime="20200407 14:42:21.542"></status>
</kw>
<status status="PASS" starttime="20200407 14:42:20.780" endtime="20200407 14:42:21.542"></status>
</kw>
<status status="PASS" starttime="20200407 14:42:20.779" endtime="20200407 14:42:21.542"></status>
</kw>
<kw name="Run Keyword If" library="BuiltIn">
<doc>Runs the given keyword with the given arguments, if ``condition`` is true.</doc>
<arguments>
<arg>'${BANCO}'=='Oracle'</arg>
<arg>Abrir URL Oracle</arg>
</arguments>
<status status="PASS" starttime="20200407 14:42:21.542" endtime="20200407 14:42:21.543"></status>
</kw>
<status status="PASS" starttime="20200407 14:42:20.779" endtime="20200407 14:42:21.543"></status>
</kw>
<kw name="E seja informada 'Carolina Clarice' no campo 'Parte interessada'" library="Resource">
<kw name="Input Text" library="SeleniumLibrary">
<doc>Types the given ``text`` into text field identified by ``locator``.</doc>
<arguments>
<arg>${CAMPO_PARTE_INTERESSADA}</arg>
<arg>${PARTE_INTERESSADA}</arg>
</arguments>
<msg timestamp="20200407 14:42:21.548" level="INFO">Typing text 'Carolina Clarice' into text field 'id=parteInteressada'.</msg>
<status status="PASS" starttime="20200407 14:42:21.547" endtime="20200407 14:42:22.048"></status>
</kw>
<kw name="Set Test Variable" library="BuiltIn">
<doc>Makes a variable available everywhere within the scope of the current test.</doc>
<arguments>
<arg>${PARTE_INTERESSADA}</arg>
<arg>${PARTE_INTERESSADA}</arg>
</arguments>
<msg timestamp="20200407 14:42:22.049" level="INFO">${PARTE_INTERESSADA} = Carolina Clarice</msg>
<status status="PASS" starttime="20200407 14:42:22.048" endtime="20200407 14:42:22.049"></status>
</kw>
<status status="PASS" starttime="20200407 14:42:21.547" endtime="20200407 14:42:22.049"></status>
</kw>
<kw name="Quando o botão 'Consultar' for clicado" library="Resource">
<kw name="Click Element" library="SeleniumLibrary">
<doc>Click element identified by ``locator``.</doc>
<arguments>
<arg>id=btnConsultar</arg>
</arguments>
<msg timestamp="20200407 14:42:22.051" level="INFO">Clicking element 'id=btnConsultar'.</msg>
<status status="PASS" starttime="20200407 14:42:22.051" endtime="20200407 14:42:22.202"></status>
</kw>
<status status="PASS" starttime="20200407 14:42:22.050" endtime="20200407 14:42:22.202"></status>
</kw>
<kw name="Então o sistema deve apresentar somente os processos com tipo '0603' e sigilo 'P' em que a parte possua vínculo público" library="Resource">
<kw name="Verifica a quantidade dos processos com tipo '${TIPO_PROCEDIMENTO}' e sigilo '${SIGILO}' e que a parte possua vínculo público" library="ResourceDB">
<kw name="Get File" library="OperatingSystem">
<doc>Returns the contents of a specified file.</doc>
<arguments>
<arg>C:\\UNJ\\sajmp-oraculo-frontend\\acceptance-tests\\GUI\\resources/${DIR}/QuantidadeParteVinculoPublico${BANCO}.txt</arg>
</arguments>
<assign>
<var>${QUERY}</var>
</assign>
<msg timestamp="20200407 14:42:22.205" level="INFO" html="yes">Getting file '&lt;a href="file://C:\UNJ\sajmp-oraculo-frontend\acceptance-tests\GUI\tests\QUERYS\databasePostgres\QuantidadeParteVinculoPublicoPostgres.txt"&gt;C:\UNJ\sajmp-oraculo-frontend\acceptance-tests\GUI\tests\QUERYS\databasePostgres\QuantidadeParteVinculoPublicoPostgres.txt&lt;/a&gt;'.</msg>
<msg timestamp="20200407 14:42:22.215" level="INFO">${QUERY} = SELECT nuprocesso
FROM esajnome
JOIN efmpparte ON esajnome.cdpessoa = efmpparte.cdpessoa
JOIN efmpprocesso on efmpparte.cdprocesso = efmpprocesso.cdprocesso
JOIN esajtipolocal ON efmpprocesso.cdtipolo...</msg>
<status status="PASS" starttime="20200407 14:42:22.205" endtime="20200407 14:42:22.215"></status>
</kw>
<kw name="Replace Variables" library="BuiltIn">
<doc>Replaces variables in the given text with their current values.</doc>
<arguments>
<arg>${QUERY}</arg>
</arguments>
<assign>
<var>${QUERY}</var>
</assign>
<msg timestamp="20200407 14:42:22.216" level="INFO">${QUERY} = SELECT nuprocesso
FROM esajnome
JOIN efmpparte ON esajnome.cdpessoa = efmpparte.cdpessoa
JOIN efmpprocesso on efmpparte.cdprocesso = efmpprocesso.cdprocesso
JOIN esajtipolocal ON efmpprocesso.cdtipolo...</msg>
<status status="PASS" starttime="20200407 14:42:22.216" endtime="20200407 14:42:22.216"></status>
</kw>
<kw name="Query" library="DatabaseLibrary">
<doc>Uses the input `selectStatement` to query for the values that will be returned as a list of tuples. Set optional
input `sansTran` to True to run command without an explicit transaction commit or rollback.
Set optional input `returnAsDict` to True to return values as a list of dictionaries.</doc>
<arguments>
<arg>${QUERY}</arg>
</arguments>
<assign>
<var>${NUMERO_MP_PARTE_SIGILO_PUBLICO}</var>
</assign>
<msg timestamp="20200407 14:42:22.217" level="INFO">Executing : Query  |  SELECT nuprocesso
FROM esajnome
JOIN efmpparte ON esajnome.cdpessoa = efmpparte.cdpessoa
JOIN efmpprocesso on efmpparte.cdprocesso = efmpprocesso.cdprocesso
JOIN esajtipolocal ON efmpprocesso.cdtipolocal = esajtipolocal.cdtipolocal
JOIN esajsitprocesso ON efmpprocesso.cdsituacaoprocesso = esajsitprocesso.cdsituacaoprocesso
JOIN efmptipoprocesso ON efmpprocesso.cdtipoprocesso=efmptipoprocesso.cdtipoprocesso
WHERE efmpprocesso.flsegredojustica='P' AND efmptipoprocesso.cdtipoprocesso = '0603' AND efmpprocesso.cdsituacaoprocesso IN ('A','B','D','E','J','L','N','P','Q','S','Z','O','V','Y','R','T') AND esajnome.nmpessoa like '%Carolina Clarice%' AND efmpparte.flsegredojustica='N' AND efmpparte.flsituacao&lt;&gt;'E'
 </msg>
<msg timestamp="20200407 14:42:22.225" level="INFO">${NUMERO_MP_PARTE_SIGILO_PUBLICO} = [('062019000012595',)]</msg>
<status status="PASS" starttime="20200407 14:42:22.217" endtime="20200407 14:42:22.225"></status>
</kw>
<kw name="Set Test Variable" library="BuiltIn">
<doc>Makes a variable available everywhere within the scope of the current test.</doc>
<arguments>
<arg>${NUMERO_MP_PARTE_SIGILO_PUBLICO[0][0]}</arg>
<arg>${NUMERO_MP_PARTE_SIGILO_PUBLICO[0][0]}</arg>
</arguments>
<msg timestamp="20200407 14:42:22.227" level="INFO">${NUMERO_MP_PARTE_SIGILO_PUBLICO[0][0]} = 062019000012595</msg>
<status status="PASS" starttime="20200407 14:42:22.226" endtime="20200407 14:42:22.227"></status>
</kw>
<status status="PASS" starttime="20200407 14:42:22.204" endtime="20200407 14:42:22.227"></status>
</kw>
<kw name="Sleep" library="BuiltIn">
<doc>Pauses the test executed for the given time.</doc>
<arguments>
<arg>1s</arg>
</arguments>
<msg timestamp="20200407 14:42:23.229" level="INFO">Slept 1 second</msg>
<status status="PASS" starttime="20200407 14:42:22.227" endtime="20200407 14:42:23.229"></status>
</kw>
<kw name="Get Text" library="SeleniumLibrary">
<doc>Returns the text value of element identified by ``locator``.</doc>
<arguments>
<arg>//*[@id="linkProcesso"]/p</arg>
</arguments>
<assign>
<var>${NUMERO_MP}</var>
</assign>
<msg timestamp="20200407 14:42:23.269" level="INFO">${NUMERO_MP} = 06.2019.00001259-5</msg>
<status status="PASS" starttime="20200407 14:42:23.229" endtime="20200407 14:42:23.269"></status>
</kw>
<kw name="Remove String" library="String">
<doc>Removes all ``removables`` from the given ``string``.</doc>
<arguments>
<arg>${NUMERO_MP}</arg>
<arg>.</arg>
<arg>-</arg>
</arguments>
<assign>
<var>${NUMERO_MP}</var>
</assign>
<msg timestamp="20200407 14:42:23.270" level="INFO">${NUMERO_MP} = 062019000012595</msg>
<status status="PASS" starttime="20200407 14:42:23.269" endtime="20200407 14:42:23.270"></status>
</kw>
<kw name="Should Be Equal" library="BuiltIn">
<doc>Fails if the given objects are unequal.</doc>
<arguments>
<arg>${NUMERO_MP}</arg>
<arg>${NUMERO_MP_PARTE_SIGILO_PUBLICO[0][0]}</arg>
</arguments>
<status status="PASS" starttime="20200407 14:42:23.270" endtime="20200407 14:42:23.270"></status>
</kw>
<kw name="Wait Until Page Contains" library="SeleniumLibrary">
<doc>Waits until ``text`` appears on current page.</doc>
<arguments>
<arg>1 ${MENSAGEM_TOTALIZADOR}</arg>
</arguments>
<status status="PASS" starttime="20200407 14:42:23.271" endtime="20200407 14:42:23.285"></status>
</kw>
<status status="PASS" starttime="20200407 14:42:22.203" endtime="20200407 14:42:23.286"></status>
</kw>
<status status="PASS" starttime="20200407 14:42:20.778" endtime="20200407 14:42:23.286" critical="yes"></status>
</test>
<test id="s1-s2-s1-t5" name="Test case 10: VISUALIZAR PARTE ATIVA, PASSIVA E UMA PARTE TERCEIRA SEM REPRESENTANTES">
<kw name="Dado que a página inicial do portal seja acessada" library="Resource">
<kw name="Run Keyword If" library="BuiltIn">
<doc>Runs the given keyword with the given arguments, if ``condition`` is true.</doc>
<arguments>
<arg>'${BANCO}'=='Postgres'</arg>
<arg>Abrir URL Postgres</arg>
</arguments>
<kw name="Abrir URL Postgres" library="Resource">
<kw name="Go To" library="SeleniumLibrary">
<doc>Navigates the active browser instance to the provided ``url``.</doc>
<arguments>
<arg>http://172.23.70.47:90/portaltransparencia/${URL}</arg>
</arguments>
<msg timestamp="20200407 14:42:23.290" level="INFO">Opening url 'http://172.23.70.47:90/portaltransparencia/inqueritocivil'</msg>
<status status="PASS" starttime="20200407 14:42:23.290" endtime="20200407 14:42:23.984"></status>
</kw>
<status status="PASS" starttime="20200407 14:42:23.290" endtime="20200407 14:42:23.984"></status>
</kw>
<status status="PASS" starttime="20200407 14:42:23.289" endtime="20200407 14:42:23.985"></status>
</kw>
<kw name="Run Keyword If" library="BuiltIn">
<doc>Runs the given keyword with the given arguments, if ``condition`` is true.</doc>
<arguments>
<arg>'${BANCO}'=='Oracle'</arg>
<arg>Abrir URL Oracle</arg>
</arguments>
<status status="PASS" starttime="20200407 14:42:23.985" endtime="20200407 14:42:23.985"></status>
</kw>
<status status="PASS" starttime="20200407 14:42:23.289" endtime="20200407 14:42:23.985"></status>
</kw>
<kw name="E seja informado o '062019000012617' no campo 'Número MP'" library="Resource">
<kw name="Input Text" library="SeleniumLibrary">
<doc>Types the given ``text`` into text field identified by ``locator``.</doc>
<arguments>
<arg>${CAMPO_NUMERO_MP}</arg>
<arg>${NUMERO_MP}</arg>
</arguments>
<msg timestamp="20200407 14:42:23.995" level="INFO">Typing text '062019000012617' into text field 'id=numeroMPInput'.</msg>
<status status="PASS" starttime="20200407 14:42:23.995" endtime="20200407 14:42:24.528"></status>
</kw>
<kw name="Set Test Variable" library="BuiltIn">
<doc>Makes a variable available everywhere within the scope of the current test.</doc>
<arguments>
<arg>${NUMERO_MP}</arg>
<arg>${NUMERO_MP}</arg>
</arguments>
<msg timestamp="20200407 14:42:24.529" level="INFO">${NUMERO_MP} = 062019000012617</msg>
<status status="PASS" starttime="20200407 14:42:24.528" endtime="20200407 14:42:24.529"></status>
</kw>
<status status="PASS" starttime="20200407 14:42:23.994" endtime="20200407 14:42:24.529"></status>
</kw>
<kw name="Quando o botão 'Consultar' for clicado" library="Resource">
<kw name="Click Element" library="SeleniumLibrary">
<doc>Click element identified by ``locator``.</doc>
<arguments>
<arg>id=btnConsultar</arg>
</arguments>
<msg timestamp="20200407 14:42:24.531" level="INFO">Clicking element 'id=btnConsultar'.</msg>
<status status="PASS" starttime="20200407 14:42:24.531" endtime="20200407 14:42:24.683"></status>
</kw>
<status status="PASS" starttime="20200407 14:42:24.530" endtime="20200407 14:42:24.683"></status>
</kw>
<kw name="Então devem ser apresentados todas as partes ativas e passivas vinculadas aos registros com tipo '0603' e sigilo 'P'" library="Resource">
<kw name="Verifica as partes ativas e passivas vinculadas aos registros com tipo '${TIPO_PROCEDIMENTO}' e sigilo '${SIGILO}'" library="ResourceDB">
<kw name="Get File" library="OperatingSystem">
<doc>Returns the contents of a specified file.</doc>
<arguments>
<arg>C:\\UNJ\\sajmp-oraculo-frontend\\acceptance-tests\\GUI\\resources/${DIR}/PartesAtivasPassivas.txt</arg>
</arguments>
<assign>
<var>${QUERY}</var>
</assign>
<msg timestamp="20200407 14:42:24.686" level="INFO" html="yes">Getting file '&lt;a href="file://C:\UNJ\sajmp-oraculo-frontend\acceptance-tests\GUI\tests\QUERYS\databasePostgres\PartesAtivasPassivas.txt"&gt;C:\UNJ\sajmp-oraculo-frontend\acceptance-tests\GUI\tests\QUERYS\databasePostgres\PartesAtivasPassivas.txt&lt;/a&gt;'.</msg>
<msg timestamp="20200407 14:42:24.720" level="INFO">${QUERY} = SELECT nmpessoa
FROM esajnome
JOIN efmpparte ON esajnome.cdpessoa = efmpparte.cdpessoa
JOIN efmpprocesso on efmpparte.cdprocesso = efmpprocesso.cdprocesso
JOIN esajtipolocal ON efmpprocesso.cdtipoloca...</msg>
<status status="PASS" starttime="20200407 14:42:24.686" endtime="20200407 14:42:24.720"></status>
</kw>
<kw name="Replace Variables" library="BuiltIn">
<doc>Replaces variables in the given text with their current values.</doc>
<arguments>
<arg>${QUERY}</arg>
</arguments>
<assign>
<var>${QUERY}</var>
</assign>
<msg timestamp="20200407 14:42:24.721" level="INFO">${QUERY} = SELECT nmpessoa
FROM esajnome
JOIN efmpparte ON esajnome.cdpessoa = efmpparte.cdpessoa
JOIN efmpprocesso on efmpparte.cdprocesso = efmpprocesso.cdprocesso
JOIN esajtipolocal ON efmpprocesso.cdtipoloca...</msg>
<status status="PASS" starttime="20200407 14:42:24.721" endtime="20200407 14:42:24.721"></status>
</kw>
<kw name="Query" library="DatabaseLibrary">
<doc>Uses the input `selectStatement` to query for the values that will be returned as a list of tuples. Set optional
input `sansTran` to True to run command without an explicit transaction commit or rollback.
Set optional input `returnAsDict` to True to return values as a list of dictionaries.</doc>
<arguments>
<arg>${QUERY}</arg>
</arguments>
<assign>
<var>${PARTE_ATIVA_PASSIVA}</var>
</assign>
<msg timestamp="20200407 14:42:24.722" level="INFO">Executing : Query  |  SELECT nmpessoa
FROM esajnome
JOIN efmpparte ON esajnome.cdpessoa = efmpparte.cdpessoa
JOIN efmpprocesso on efmpparte.cdprocesso = efmpprocesso.cdprocesso
JOIN esajtipolocal ON efmpprocesso.cdtipolocal = esajtipolocal.cdtipolocal AND esajtipolocal.flportaltransparen = 'S'
JOIN esajsitprocesso ON efmpprocesso.cdsituacaoprocesso = esajsitprocesso.cdsituacaoprocesso
JOIN efmptipoprocesso ON efmpprocesso.cdtipoprocesso=efmptipoprocesso.cdtipoprocesso AND efmptipoprocesso.flexibenabuscaweb='S'
WHERE efmpprocesso.nuprocesso='062019000012617' AND esajnome.tpnome='N'  and efmpparte.tpparte in ('1','2')
order by efmpparte.tpparte
 </msg>
<msg timestamp="20200407 14:42:24.728" level="INFO">${PARTE_ATIVA_PASSIVA} = [('Gutierris Souza',), ('Italo Bruno Duarte',)]</msg>
<status status="PASS" starttime="20200407 14:42:24.722" endtime="20200407 14:42:24.728"></status>
</kw>
<kw name="Set Test Variable" library="BuiltIn">
<doc>Makes a variable available everywhere within the scope of the current test.</doc>
<arguments>
<arg>${PARTE_ATIVA_PASSIVA[0][0]}</arg>
<arg>${PARTE_ATIVA_PASSIVA[0][0]}</arg>
</arguments>
<msg timestamp="20200407 14:42:24.729" level="INFO">${PARTE_ATIVA_PASSIVA[0][0]} = Gutierris Souza</msg>
<status status="PASS" starttime="20200407 14:42:24.728" endtime="20200407 14:42:24.729"></status>
</kw>
<kw name="Set Test Variable" library="BuiltIn">
<doc>Makes a variable available everywhere within the scope of the current test.</doc>
<arguments>
<arg>${PARTE_ATIVA_PASSIVA[1][0]}</arg>
<arg>${PARTE_ATIVA_PASSIVA[1][0]}</arg>
</arguments>
<msg timestamp="20200407 14:42:24.730" level="INFO">${PARTE_ATIVA_PASSIVA[1][0]} = Italo Bruno Duarte</msg>
<status status="PASS" starttime="20200407 14:42:24.729" endtime="20200407 14:42:24.730"></status>
</kw>
<status status="PASS" starttime="20200407 14:42:24.685" endtime="20200407 14:42:24.730"></status>
</kw>
<kw name="Sleep" library="BuiltIn">
<doc>Pauses the test executed for the given time.</doc>
<arguments>
<arg>1s</arg>
</arguments>
<msg timestamp="20200407 14:42:25.731" level="INFO">Slept 1 second</msg>
<status status="PASS" starttime="20200407 14:42:24.731" endtime="20200407 14:42:25.731"></status>
</kw>
<kw name="Element Text Should Be" library="SeleniumLibrary">
<doc>Verifies that element ``locator`` contains exact text ``expected``.</doc>
<arguments>
<arg>//*[@id="root"]/div/div/div[3]/div[1]/div[4]/div[2]</arg>
<arg>${PARTE_ATIVA_PASSIVA[0][0]}</arg>
</arguments>
<msg timestamp="20200407 14:42:25.732" level="INFO">Verifying element '//*[@id="root"]/div/div/div[3]/div[1]/div[4]/div[2]' contains exact text 'Gutierris Souza'.</msg>
<status status="PASS" starttime="20200407 14:42:25.731" endtime="20200407 14:42:25.770"></status>
</kw>
<kw name="Element Text Should Be" library="SeleniumLibrary">
<doc>Verifies that element ``locator`` contains exact text ``expected``.</doc>
<arguments>
<arg>//*[@id="root"]/div/div/div[3]/div[1]/div[4]/div[3]</arg>
[...]
</arguments>
<assign>
<var>${QUERY}</var>
</assign>
<msg timestamp="20200407 14:44:32.515" level="INFO" html="yes">Getting file '&lt;a href="file://C:\UNJ\sajmp-oraculo-frontend\acceptance-tests\GUI\tests\QUERYS\databasePostgres\VerificaPartesVinculadasPostgres.txt"&gt;C:\UNJ\sajmp-oraculo-frontend\acceptance-tests\GUI\tests\QUERYS\databasePostgres\VerificaPartesVinculadasPostgres.txt&lt;/a&gt;'.</msg>
<msg timestamp="20200407 14:44:32.523" level="INFO">${QUERY} = select  decomptipoparte, esajnome.nmpessoa  from efmpprocesso
join efmpparte on efmpparte.cdprocesso = efmpprocesso.cdprocesso
join esajpessoa on efmpparte.cdpessoa = esajpessoa.cdpessoa
join esajnome...</msg>
<status status="PASS" starttime="20200407 14:44:32.515" endtime="20200407 14:44:32.523"></status>
</kw>
<kw name="Replace Variables" library="BuiltIn">
<doc>Replaces variables in the given text with their current values.</doc>
<arguments>
<arg>${QUERY}</arg>
</arguments>
<assign>
<var>${QUERY}</var>
</assign>
<msg timestamp="20200407 14:44:32.524" level="INFO">${QUERY} = select  decomptipoparte, esajnome.nmpessoa  from efmpprocesso
join efmpparte on efmpparte.cdprocesso = efmpprocesso.cdprocesso
join esajpessoa on efmpparte.cdpessoa = esajpessoa.cdpessoa
join esajnome...</msg>
<status status="PASS" starttime="20200407 14:44:32.524" endtime="20200407 14:44:32.524"></status>
</kw>
<kw name="Query" library="DatabaseLibrary">
<doc>Uses the input `selectStatement` to query for the values that will be returned as a list of tuples. Set optional
input `sansTran` to True to run command without an explicit transaction commit or rollback.
Set optional input `returnAsDict` to True to return values as a list of dictionaries.</doc>
<arguments>
<arg>${QUERY}</arg>
</arguments>
<assign>
<var>${CONS_ULTIMAS_PARTES}</var>
</assign>
<msg timestamp="20200407 14:44:32.525" level="INFO">Executing : Query  |  select  decomptipoparte, esajnome.nmpessoa  from efmpprocesso
join efmpparte on efmpparte.cdprocesso = efmpprocesso.cdprocesso
join esajpessoa on efmpparte.cdpessoa = esajpessoa.cdpessoa
join esajnome on efmpparte.cdpessoa = esajnome.cdpessoa
join esajtipoparte on efmpparte.cdtipoparte = esajtipoparte.cdtipoparte
where nuprocesso='062019000012616' and efmpparte.flsituacao &lt;&gt; 'E' and efmpparte.flsegredojustica='N'
order by decomptipoparte, esajnome.nmpessoa asc
 </msg>
<msg timestamp="20200407 14:44:32.532" level="INFO">${CONS_ULTIMAS_PARTES} = [('Autor do Fato', 'Benedito Jorge Mendes'), ('Autor do Fato', 'Samuel Diogo Baptista'), ('Interessado', 'Antonella Rita Clara'), ('Remetente', 'Marcelo Juan Leandro Teixeira'), ('Vítima', 'Marcos And...</msg>
<status status="PASS" starttime="20200407 14:44:32.524" endtime="20200407 14:44:32.532"></status>
</kw>
<kw name="Set Test Variable" library="BuiltIn">
<doc>Makes a variable available everywhere within the scope of the current test.</doc>
<arguments>
<arg>${CONS_ULTIMAS_PARTES[0][1]}</arg>
<arg>${CONS_ULTIMAS_PARTES[0][1]}</arg>
</arguments>
<msg timestamp="20200407 14:44:32.533" level="INFO">${CONS_ULTIMAS_PARTES[0][1]} = Benedito Jorge Mendes</msg>
<status status="PASS" starttime="20200407 14:44:32.533" endtime="20200407 14:44:32.533"></status>
</kw>
<kw name="Set Test Variable" library="BuiltIn">
<doc>Makes a variable available everywhere within the scope of the current test.</doc>
<arguments>
<arg>${CONS_ULTIMAS_PARTES[1][1]}</arg>
<arg>${CONS_ULTIMAS_PARTES[1][1]}</arg>
</arguments>
<msg timestamp="20200407 14:44:32.534" level="INFO">${CONS_ULTIMAS_PARTES[1][1]} = Samuel Diogo Baptista</msg>
<status status="PASS" starttime="20200407 14:44:32.534" endtime="20200407 14:44:32.534"></status>
</kw>
<kw name="Set Test Variable" library="BuiltIn">
<doc>Makes a variable available everywhere within the scope of the current test.</doc>
<arguments>
<arg>${CONS_ULTIMAS_PARTES[2][1]}</arg>
<arg>${CONS_ULTIMAS_PARTES[2][1]}</arg>
</arguments>
<msg timestamp="20200407 14:44:32.535" level="INFO">${CONS_ULTIMAS_PARTES[2][1]} = Antonella Rita Clara</msg>
<status status="PASS" starttime="20200407 14:44:32.535" endtime="20200407 14:44:32.535"></status>
</kw>
<kw name="Set Test Variable" library="BuiltIn">
<doc>Makes a variable available everywhere within the scope of the current test.</doc>
<arguments>
<arg>${CONS_ULTIMAS_PARTES[3][1]}</arg>
<arg>${CONS_ULTIMAS_PARTES[3][1]}</arg>
</arguments>
<msg timestamp="20200407 14:44:32.536" level="INFO">${CONS_ULTIMAS_PARTES[3][1]} = Marcelo Juan Leandro Teixeira</msg>
<status status="PASS" starttime="20200407 14:44:32.535" endtime="20200407 14:44:32.536"></status>
</kw>
<kw name="Set Test Variable" library="BuiltIn">
<doc>Makes a variable available everywhere within the scope of the current test.</doc>
<arguments>
<arg>${CONS_ULTIMAS_PARTES[4][1]}</arg>
<arg>${CONS_ULTIMAS_PARTES[4][1]}</arg>
</arguments>
<msg timestamp="20200407 14:44:32.537" level="INFO">${CONS_ULTIMAS_PARTES[4][1]} = Marcos AndrÃ© AraÃºjo</msg>
<status status="PASS" starttime="20200407 14:44:32.536" endtime="20200407 14:44:32.537"></status>
</kw>
<status status="PASS" starttime="20200407 14:44:32.514" endtime="20200407 14:44:32.537"></status>
</kw>
<kw name="Sleep" library="BuiltIn">
<doc>Pauses the test executed for the given time.</doc>
<arguments>
<arg>1s</arg>
</arguments>
<msg timestamp="20200407 14:44:33.538" level="INFO">Slept 1 second</msg>
<status status="PASS" starttime="20200407 14:44:32.538" endtime="20200407 14:44:33.538"></status>
</kw>
<kw name="Get Element Count" library="SeleniumLibrary">
<doc>Returns number of elements matching ``locator``.</doc>
<arguments>
<arg>//*[@id="root"]/div/div/div[7]/div/div/div[2]/table/tbody/tr</arg>
</arguments>
<assign>
<var>${QUANTIDADE_PARTES}</var>
</assign>
<msg timestamp="20200407 14:44:33.551" level="INFO">${QUANTIDADE_PARTES} = 4</msg>
<status status="PASS" starttime="20200407 14:44:33.538" endtime="20200407 14:44:33.551"></status>
</kw>
<kw name="Should Be Equal As Strings" library="BuiltIn">
<doc>Fails if objects are unequal after converting them to strings.</doc>
<arguments>
<arg>${QUANTIDADE_PARTES}</arg>
<arg>4</arg>
</arguments>
<msg timestamp="20200407 14:44:33.552" level="INFO">Argument types are:
&lt;class 'int'&gt;
&lt;type 'unicode'&gt;</msg>
<status status="PASS" starttime="20200407 14:44:33.551" endtime="20200407 14:44:33.552"></status>
</kw>
<kw name="Element Text Should Be" library="SeleniumLibrary">
<doc>Verifies that element ``locator`` contains exact text ``expected``.</doc>
<arguments>
<arg>//*[@id="root"]/div/div/div[7]/div/div/div[2]/table/tbody/tr[1]/td[2]/p</arg>
<arg>${CONS_ULTIMAS_PARTES[1][1]}</arg>
</arguments>
<msg timestamp="20200407 14:44:33.552" level="INFO">Verifying element '//*[@id="root"]/div/div/div[7]/div/div/div[2]/table/tbody/tr[1]/td[2]/p' contains exact text 'Samuel Diogo Baptista'.</msg>
<status status="PASS" starttime="20200407 14:44:33.552" endtime="20200407 14:44:33.577"></status>
</kw>
<kw name="Element Text Should Be" library="SeleniumLibrary">
<doc>Verifies that element ``locator`` contains exact text ``expected``.</doc>
<arguments>
<arg>//*[@id="root"]/div/div/div[7]/div/div/div[2]/table/tbody/tr[2]/td[2]/p</arg>
<arg>${CONS_ULTIMAS_PARTES[2][1]}</arg>
</arguments>
<msg timestamp="20200407 14:44:33.578" level="INFO">Verifying element '//*[@id="root"]/div/div/div[7]/div/div/div[2]/table/tbody/tr[2]/td[2]/p' contains exact text 'Antonella Rita Clara'.</msg>
<status status="PASS" starttime="20200407 14:44:33.578" endtime="20200407 14:44:33.603"></status>
</kw>
<kw name="Element Text Should Be" library="SeleniumLibrary">
<doc>Verifies that element ``locator`` contains exact text ``expected``.</doc>
<arguments>
<arg>//*[@id="root"]/div/div/div[7]/div/div/div[2]/table/tbody/tr[3]/td[2]/p</arg>
<arg>${CONS_ULTIMAS_PARTES[3][1]}</arg>
</arguments>
<msg timestamp="20200407 14:44:33.604" level="INFO">Verifying element '//*[@id="root"]/div/div/div[7]/div/div/div[2]/table/tbody/tr[3]/td[2]/p' contains exact text 'Marcelo Juan Leandro Teixeira'.</msg>
<status status="PASS" starttime="20200407 14:44:33.603" endtime="20200407 14:44:33.629"></status>
</kw>
<kw name="Element Text Should Be" library="SeleniumLibrary">
<doc>Verifies that element ``locator`` contains exact text ``expected``.</doc>
<arguments>
<arg>//*[@id="root"]/div/div/div[7]/div/div/div[2]/table/tbody/tr[4]/td[2]/p</arg>
<arg>${CONS_ULTIMAS_PARTES[4][1]}</arg>
</arguments>
<msg timestamp="20200407 14:44:33.629" level="INFO">Verifying element '//*[@id="root"]/div/div/div[7]/div/div/div[2]/table/tbody/tr[4]/td[2]/p' contains exact text 'Marcos AndrÃ© AraÃºjo'.</msg>
<status status="PASS" starttime="20200407 14:44:33.629" endtime="20200407 14:44:33.656"></status>
</kw>
<status status="PASS" starttime="20200407 14:44:32.514" endtime="20200407 14:44:33.656"></status>
</kw>
<kw name="Quando existir mais de uma parte com mesmo tipo" library="Resource">
<kw name="Return From Keyword" library="BuiltIn">
<doc>Returns from the enclosing user keyword.</doc>
<msg timestamp="20200407 14:44:33.658" level="INFO">Returning from the enclosing user keyword.</msg>
<status status="PASS" starttime="20200407 14:44:33.658" endtime="20200407 14:44:33.658"></status>
</kw>
<status status="PASS" starttime="20200407 14:44:33.657" endtime="20200407 14:44:33.658"></status>
</kw>
<kw name="Então o link 'Mais' deverá ser apresentado" library="Resource">
<kw name="Return From Keyword" library="BuiltIn">
<doc>Returns from the enclosing user keyword.</doc>
<msg timestamp="20200407 14:44:33.660" level="INFO">Returning from the enclosing user keyword.</msg>
<status status="PASS" starttime="20200407 14:44:33.659" endtime="20200407 14:44:33.660"></status>
</kw>
<status status="PASS" starttime="20200407 14:44:33.659" endtime="20200407 14:44:33.660"></status>
</kw>
<kw name="Quando o link 'Mais' for clicado" library="Resource">
<kw name="Click Element" library="SeleniumLibrary">
<doc>Click element identified by ``locator``.</doc>
<arguments>
<arg>id=btnMostrarMais</arg>
</arguments>
<msg timestamp="20200407 14:44:33.661" level="INFO">Clicking element 'id=btnMostrarMais'.</msg>
<status status="PASS" starttime="20200407 14:44:33.661" endtime="20200407 14:44:33.732"></status>
</kw>
<status status="PASS" starttime="20200407 14:44:33.660" endtime="20200407 14:44:33.733"></status>
</kw>
<kw name="Então as demais partes com mesmo tipo deverão ser apresentadas" library="Resource">
<kw name="Sleep" library="BuiltIn">
<doc>Pauses the test executed for the given time.</doc>
<arguments>
<arg>1s</arg>
</arguments>
<msg timestamp="20200407 14:44:34.749" level="INFO">Slept 1 second</msg>
<status status="PASS" starttime="20200407 14:44:33.747" endtime="20200407 14:44:34.749"></status>
</kw>
<kw name="Get Element Count" library="SeleniumLibrary">
<doc>Returns number of elements matching ``locator``.</doc>
<arguments>
<arg>//*[@id="root"]/div/div/div[7]/div/div/div[2]/table/tbody/tr</arg>
</arguments>
<assign>
<var>${QUANTIDADE_PARTES}</var>
</assign>
<msg timestamp="20200407 14:44:34.758" level="INFO">${QUANTIDADE_PARTES} = 5</msg>
<status status="PASS" starttime="20200407 14:44:34.749" endtime="20200407 14:44:34.758"></status>
</kw>
<kw name="Should Be Equal As Strings" library="BuiltIn">
<doc>Fails if objects are unequal after converting them to strings.</doc>
<arguments>
<arg>${QUANTIDADE_PARTES}</arg>
<arg>5</arg>
</arguments>
<msg timestamp="20200407 14:44:34.759" level="INFO">Argument types are:
&lt;class 'int'&gt;
&lt;type 'unicode'&gt;</msg>
<status status="PASS" starttime="20200407 14:44:34.758" endtime="20200407 14:44:34.759"></status>
</kw>
<kw name="Element Text Should Be" library="SeleniumLibrary">
<doc>Verifies that element ``locator`` contains exact text ``expected``.</doc>
<arguments>
<arg>//*[@id="root"]/div/div/div[7]/div/div/div[2]/table/tbody/tr[2]/td[2]/p</arg>
<arg>${CONS_ULTIMAS_PARTES[0][1]}</arg>
</arguments>
<msg timestamp="20200407 14:44:34.759" level="INFO">Verifying element '//*[@id="root"]/div/div/div[7]/div/div/div[2]/table/tbody/tr[2]/td[2]/p' contains exact text 'Benedito Jorge Mendes'.</msg>
<status status="PASS" starttime="20200407 14:44:34.759" endtime="20200407 14:44:34.781"></status>
</kw>
<status status="PASS" starttime="20200407 14:44:33.746" endtime="20200407 14:44:34.781"></status>
</kw>
<kw name="Quando clicar no elemento 'Menos'" library="Resource">
<kw name="Click Element" library="SeleniumLibrary">
<doc>Click element identified by ``locator``.</doc>
<arguments>
<arg>id=btnMostrarMenos</arg>
</arguments>
<msg timestamp="20200407 14:44:34.783" level="INFO">Clicking element 'id=btnMostrarMenos'.</msg>
<status status="PASS" starttime="20200407 14:44:34.783" endtime="20200407 14:44:34.837"></status>
</kw>
<status status="PASS" starttime="20200407 14:44:34.782" endtime="20200407 14:44:34.837"></status>
</kw>
<kw name="Então as partes com mesmo tipo devem desaparecer da tela" library="Resource">
<kw name="Sleep" library="BuiltIn">
<doc>Pauses the test executed for the given time.</doc>
<arguments>
<arg>1s</arg>
</arguments>
<msg timestamp="20200407 14:44:35.840" level="INFO">Slept 1 second</msg>
<status status="PASS" starttime="20200407 14:44:34.839" endtime="20200407 14:44:35.840"></status>
</kw>
<kw name="Page Should Not Contain" library="SeleniumLibrary">
<doc>Verifies the current page does not contain ``text``.</doc>
<arguments>
<arg>${CONS_ULTIMAS_PARTES[0][1]}</arg>
</arguments>
<msg timestamp="20200407 14:44:36.011" level="INFO">Current page does not contain text 'Benedito Jorge Mendes'.</msg>
<status status="PASS" starttime="20200407 14:44:35.840" endtime="20200407 14:44:36.011"></status>
</kw>
<status status="PASS" starttime="20200407 14:44:34.838" endtime="20200407 14:44:36.011"></status>
</kw>
<status status="PASS" starttime="20200407 14:44:30.450" endtime="20200407 14:44:36.012" critical="yes"></status>
</test>
<kw name="Run Keywords" library="BuiltIn" type="teardown">
<doc>Executes all the given keywords in a sequence.</doc>
<arguments>
<arg>Deletar os registros</arg>
<arg>AND</arg>
<arg>Desconectar Base</arg>
<arg>AND</arg>
<arg>Fechar navegador</arg>
</arguments>
<kw name="Deletar os registros" library="Conexao">
<kw name="Run Keyword If" library="BuiltIn">
<doc>Runs the given keyword with the given arguments, if ``condition`` is true.</doc>
<arguments>
<arg>'${isPipeline}'=='False'</arg>
<arg>Execução deletes</arg>
</arguments>
<kw name="Execução deletes" library="Conexao">
<kw name="Run Keyword If" library="BuiltIn">
<doc>Runs the given keyword with the given arguments, if ``condition`` is true.</doc>
<arguments>
<arg>'${BANCO}'=='Postgres'</arg>
<arg>Execute Sql Script</arg>
<arg>C:\\UNJ\\sajmp-oraculo-frontend\\acceptance-tests\\GUI\\resources/${DIR_INSERT_DELETE}/${DELETE}${BANCO}.txt</arg>
</arguments>
<assign>
<var>${QUERY}</var>
</assign>
<kw name="Execute Sql Script" library="DatabaseLibrary">
<doc>Executes the content of the `sqlScriptFileName` as SQL commands. Useful for setting the database to a known
state before running your tests, or clearing out your test data after running each a test. Set optional input
`sansTran` to True to run command without an explicit transaction commit or rollback.</doc>
<arguments>
<arg>C:\\UNJ\\sajmp-oraculo-frontend\\acceptance-tests\\GUI\\resources/${DIR_INSERT_DELETE}/${DELETE}${BANCO}.txt</arg>
</arguments>
<msg timestamp="20200407 14:44:36.018" level="INFO">Executing : Execute SQL Script  |  C:\UNJ\sajmp-oraculo-frontend\acceptance-tests\GUI\resources/../tests/inqueritocivil/Story-229095/deleteICPostgres.txt </msg>
<status status="PASS" starttime="20200407 14:44:36.017" endtime="20200407 14:44:36.243"></status>
</kw>
<msg timestamp="20200407 14:44:36.243" level="INFO">${QUERY} = None</msg>
<status status="PASS" starttime="20200407 14:44:36.017" endtime="20200407 14:44:36.243"></status>
</kw>
<kw name="Run Keyword If" library="BuiltIn">
<doc>Runs the given keyword with the given arguments, if ``condition`` is true.</doc>
<arguments>
<arg>'${BANCO}'=='Oracle'</arg>
<arg>Execute Sql Script</arg>
<arg>C:\\UNJ\\sajmp-oraculo-frontend\\acceptance-tests\\GUI\\resources/${DIR_INSERT_DELETE}/${DELETE}${BANCO}.txt</arg>
</arguments>
<assign>
<var>${QUERY}</var>
</assign>
<msg timestamp="20200407 14:44:36.244" level="INFO">${QUERY} = None</msg>
<status status="PASS" starttime="20200407 14:44:36.244" endtime="20200407 14:44:36.244"></status>
</kw>
<status status="PASS" starttime="20200407 14:44:36.016" endtime="20200407 14:44:36.244"></status>
</kw>
<status status="PASS" starttime="20200407 14:44:36.016" endtime="20200407 14:44:36.244"></status>
</kw>
<status status="PASS" starttime="20200407 14:44:36.015" endtime="20200407 14:44:36.244"></status>
</kw>
<kw name="Desconectar Base" library="Conexao">
<kw name="Disconnect From Database" library="DatabaseLibrary">
<doc>Disconnects from the database.</doc>
<msg timestamp="20200407 14:44:36.245" level="INFO">Executing : Disconnect From Database</msg>
<status status="PASS" starttime="20200407 14:44:36.245" endtime="20200407 14:44:36.246"></status>
</kw>
<status status="PASS" starttime="20200407 14:44:36.245" endtime="20200407 14:44:36.246"></status>
</kw>
<kw name="Fechar navegador" library="Resource">
<kw name="Close Browser" library="SeleniumLibrary">
<doc>Closes the current browser.</doc>
<status status="PASS" starttime="20200407 14:44:36.246" endtime="20200407 14:44:38.548"></status>
</kw>
<status status="PASS" starttime="20200407 14:44:36.246" endtime="20200407 14:44:38.548"></status>
</kw>
<status status="PASS" starttime="20200407 14:44:36.015" endtime="20200407 14:44:38.548"></status>
</kw>
<status status="PASS" starttime="20200407 14:44:02.918" endtime="20200407 14:44:38.548"></status>
</suite>
<status status="PASS" starttime="20200407 14:44:02.915" endtime="20200407 14:44:38.556"></status>
</suite>
<status status="FAIL" starttime="20200407 14:41:48.813" endtime="20200407 14:44:38.568"></status>
</suite>
<statistics>
<total>
<stat pass="39" fail="1">Critical Tests</stat>
<stat pass="39" fail="1">All Tests</stat>
</total>
<tag>
</tag>
<suite>
<stat pass="39" fail="1" id="s1" name="Inqueritocivil">Inqueritocivil</stat>
<stat pass="5" fail="0" id="s1-s1" name="Story-228600">Inqueritocivil.Story-228600</stat>
<stat pass="5" fail="0" id="s1-s1-s1" name="TestSuiteInqueritoCivilFiltrarNP">Inqueritocivil.Story-228600.TestSuiteInqueritoCivilFiltrarNP</stat>
<stat pass="6" fail="0" id="s1-s2" name="Story-228633">Inqueritocivil.Story-228633</stat>
<stat pass="6" fail="0" id="s1-s2-s1" name="TestSuiteInqueritoCivilFiltroPartes">Inqueritocivil.Story-228633.TestSuiteInqueritoCivilFiltroPartes</stat>
<stat pass="8" fail="0" id="s1-s3" name="Story-229037">Inqueritocivil.Story-229037</stat>
<stat pass="8" fail="0" id="s1-s3-s1" name="TestSuiteInqueritoCivilOrgaosSituacao">Inqueritocivil.Story-229037.TestSuiteInqueritoCivilOrgaosSituacao</stat>
<stat pass="6" fail="1" id="s1-s4" name="Story-229050">Inqueritocivil.Story-229050</stat>
<stat pass="6" fail="1" id="s1-s4-s1" name="TestSuiteInqueritoCivilPeriodoCombinada">Inqueritocivil.Story-229050.TestSuiteInqueritoCivilPeriodoCombinada</stat>
<stat pass="7" fail="0" id="s1-s5" name="Story-229094">Inqueritocivil.Story-229094</stat>
<stat pass="7" fail="0" id="s1-s5-s1" name="TestSuiteInqueritoCivilVinculos">Inqueritocivil.Story-229094.TestSuiteInqueritoCivilVinculos</stat>
<stat pass="7" fail="0" id="s1-s6" name="Story-229095">Inqueritocivil.Story-229095</stat>
<stat pass="7" fail="0" id="s1-s6-s1" name="TestSuiteInqueritoCivilMovPartes">Inqueritocivil.Story-229095.TestSuiteInqueritoCivilMovPartes</stat>
</suite>
</statistics>
<errors>
</errors>
</robot>
